Using pre-set license
Built from '2021.3/staging' branch; Version is '2021.3.4f1 (cb45f9cae8b7) revision 13321721'; Using compiler version '192829333'; Build Type 'Release'
OS: 'Windows 10  (10.0.19043) 64bit Professional' Language: 'en' Physical Memory: 32687 MB
BatchMode: 1, IsHumanControllingUs: 0, StartBugReporterOnCrash: 0, Is64bit: 1, IsPro: 1

COMMAND LINE ARGUMENTS:
C:\Program Files\Unity\Hub\Editor\2021.3.4f1\Editor\Unity.exe
-adb2
-batchMode
-noUpm
-name
AssetImportWorker2
-projectPath
C:/Users/Rathalos/Documents/GitHub/Shooter_pp2/PP2_Shooter
-logFile
Logs/AssetImportWorker2.log
-srvPort
63648
Successfully changed project path to: C:/Users/Rathalos/Documents/GitHub/Shooter_pp2/PP2_Shooter
C:/Users/Rathalos/Documents/GitHub/Shooter_pp2/PP2_Shooter
[UnityMemory] Configuration Parameters - Can be set up in boot.config
    "memorysetup-bucket-allocator-granularity=16"
    "memorysetup-bucket-allocator-bucket-count=8"
    "memorysetup-bucket-allocator-block-size=33554432"
    "memorysetup-bucket-allocator-block-count=8"
    "memorysetup-main-allocator-block-size=16777216"
    "memorysetup-thread-allocator-block-size=16777216"
    "memorysetup-gfx-main-allocator-block-size=16777216"
    "memorysetup-gfx-thread-allocator-block-size=16777216"
    "memorysetup-cache-allocator-block-size=4194304"
    "memorysetup-typetree-allocator-block-size=2097152"
    "memorysetup-profiler-bucket-allocator-granularity=16"
    "memorysetup-profiler-bucket-allocator-bucket-count=8"
    "memorysetup-profiler-bucket-allocator-block-size=33554432"
    "memorysetup-profiler-bucket-allocator-block-count=8"
    "memorysetup-profiler-allocator-block-size=16777216"
    "memorysetup-profiler-editor-allocator-block-size=1048576"
    "memorysetup-temp-allocator-size-main=16777216"
    "memorysetup-job-temp-allocator-block-size=2097152"
    "memorysetup-job-temp-allocator-block-size-background=1048576"
    "memorysetup-job-temp-allocator-reduction-small-platforms=262144"
    "memorysetup-temp-allocator-size-background-worker=32768"
    "memorysetup-temp-allocator-size-job-worker=262144"
    "memorysetup-temp-allocator-size-preload-manager=33554432"
    "memorysetup-temp-allocator-size-nav-mesh-worker=65536"
    "memorysetup-temp-allocator-size-audio-worker=65536"
    "memorysetup-temp-allocator-size-cloud-worker=32768"
    "memorysetup-temp-allocator-size-gi-baking-worker=262144"
    "memorysetup-temp-allocator-size-gfx=262144"
Refreshing native plugins compatible for Editor in 82.87 ms, found 3 plugins.
Preloading 0 native plugins for Editor in 0.00 ms.
Initialize engine version: 2021.3.4f1 (cb45f9cae8b7)
[Subsystems] Discovering subsystems at path C:/Program Files/Unity/Hub/Editor/2021.3.4f1/Editor/Data/Resources/UnitySubsystems
[Subsystems] Discovering subsystems at path C:/Users/Rathalos/Documents/GitHub/Shooter_pp2/PP2_Shooter/Assets
GfxDevice: creating device client; threaded=0; jobified=0
Direct3D:
    Version:  Direct3D 11.0 [level 11.1]
    Renderer: NVIDIA GeForce RTX 2070 (ID=0x1f02)
    Vendor:   NVIDIA
    VRAM:     8031 MB
    Driver:   30.0.15.1165
Initialize mono
Mono path[0] = 'C:/Program Files/Unity/Hub/Editor/2021.3.4f1/Editor/Data/Managed'
Mono path[1] = 'C:/Program Files/Unity/Hub/Editor/2021.3.4f1/Editor/Data/MonoBleedingEdge/lib/mono/unityjit-win32'
Mono config path = 'C:/Program Files/Unity/Hub/Editor/2021.3.4f1/Editor/Data/MonoBleedingEdge/etc'
Using monoOptions --debugger-agent=transport=dt_socket,embedding=1,server=y,suspend=n,address=127.0.0.1:56508
Begin MonoManager ReloadAssembly
Registering precompiled unity dll's ...
Register platform support module: C:/Program Files/Unity/Hub/Editor/2021.3.4f1/Editor/Data/PlaybackEngines/WebGLSupport/UnityEditor.WebGL.Extensions.dll
Register platform support module: C:/Program Files/Unity/Hub/Editor/2021.3.4f1/Editor/Data/PlaybackEngines/WindowsStandaloneSupport/UnityEditor.WindowsStandalone.Extensions.dll
Registered in 0.009556 seconds.
Native extension for WindowsStandalone target not found
Native extension for WebGL target not found
Refreshing native plugins compatible for Editor in 77.76 ms, found 3 plugins.
Preloading 0 native plugins for Editor in 0.00 ms.
Mono: successfully reloaded assembly
- Completed reload, in  0.612 seconds
Domain Reload Profiling:
	ReloadAssembly (612ms)
		BeginReloadAssembly (68ms)
			ExecutionOrderSort (0ms)
			DisableScriptedObjects (0ms)
			BackupInstance (0ms)
			ReleaseScriptingObjects (0ms)
			CreateAndSetChildDomain (1ms)
		EndReloadAssembly (437ms)
			LoadAssemblies (66ms)
			RebuildTransferFunctionScriptingTraits (0ms)
			SetupTypeCache (114ms)
			ReleaseScriptCaches (0ms)
			RebuildScriptCaches (23ms)
			SetupLoadedEditorAssemblies (247ms)
				LogAssemblyErrors (0ms)
				InitializePlatformSupportModulesInManaged (8ms)
				SetLoadedEditorAssemblies (0ms)
				RefreshPlugins (78ms)
				BeforeProcessingInitializeOnLoad (1ms)
				ProcessInitializeOnLoadAttributes (120ms)
				ProcessInitializeOnLoadMethodAttributes (39ms)
				AfterProcessingInitializeOnLoad (0ms)
				EditorAssembliesLoaded (0ms)
			ExecutionOrderSort2 (0ms)
			AwakeInstancesAfterBackupRestoration (0ms)
Platform modules already initialized, skipping
Registering precompiled user dll's ...
Registered in 0.006825 seconds.
Begin MonoManager ReloadAssembly
Symbol file LoadedFromMemory doesn't match image C:\Users\Rathalos\Documents\GitHub\Shooter_pp2\PP2_Shooter\Library\PackageCache\com.unity.visualscripting@1.7.8\Editor\VisualScripting.Core\Dependencies\YamlDotNet\Unity.VisualScripting.YamlDotNet.dll
Symbol file LoadedFromMemory doesn't match image C:\Users\Rathalos\Documents\GitHub\Shooter_pp2\PP2_Shooter\Library\PackageCache\com.unity.visualscripting@1.7.8\Editor\VisualScripting.Core\Dependencies\DotNetZip\Unity.VisualScripting.IonicZip.dll
Native extension for WindowsStandalone target not found
Native extension for WebGL target not found
Refreshing native plugins compatible for Editor in 0.63 ms, found 3 plugins.
Preloading 0 native plugins for Editor in 0.00 ms.
Mono: successfully reloaded assembly
- Completed reload, in  1.146 seconds
Domain Reload Profiling:
	ReloadAssembly (1147ms)
		BeginReloadAssembly (122ms)
			ExecutionOrderSort (0ms)
			DisableScriptedObjects (7ms)
			BackupInstance (0ms)
			ReleaseScriptingObjects (0ms)
			CreateAndSetChildDomain (21ms)
		EndReloadAssembly (892ms)
			LoadAssemblies (90ms)
			RebuildTransferFunctionScriptingTraits (0ms)
			SetupTypeCache (283ms)
			ReleaseScriptCaches (1ms)
			RebuildScriptCaches (57ms)
			SetupLoadedEditorAssemblies (411ms)
				LogAssemblyErrors (0ms)
				InitializePlatformSupportModulesInManaged (8ms)
				SetLoadedEditorAssemblies (0ms)
				RefreshPlugins (1ms)
				BeforeProcessingInitializeOnLoad (101ms)
				ProcessInitializeOnLoadAttributes (261ms)
				ProcessInitializeOnLoadMethodAttributes (28ms)
				AfterProcessingInitializeOnLoad (11ms)
				EditorAssembliesLoaded (0ms)
			ExecutionOrderSort2 (0ms)
			AwakeInstancesAfterBackupRestoration (8ms)
Platform modules already initialized, skipping
========================================================================
Worker process is ready to serve import requests
Launched and connected shader compiler UnityShaderCompiler.exe after 0.04 seconds
Refreshing native plugins compatible for Editor in 0.67 ms, found 3 plugins.
Preloading 0 native plugins for Editor in 0.00 ms.
Unloading 3435 Unused Serialized files (Serialized files now loaded: 0)
Unloading 27 unused Assets / (111.4 KB). Loaded Objects now: 3913.
Memory consumption went from 134.6 MB to 134.5 MB.
Total: 2.629500 ms (FindLiveObjects: 0.272900 ms CreateObjectMapping: 0.200200 ms MarkObjects: 2.066700 ms  DeleteObjects: 0.088900 ms)

AssetImportParameters requested are different than current active one (requested -> active):
  custom:video-decoder-ogg-theora: a1e56fd34408186e4bbccfd4996cb3dc -> 
  custom:container-muxer-webm: aa71ff27fc2769a1b78a27578f13a17b -> 
  custom:container-demuxer-webm: 4f35f7cbe854078d1ac9338744f61a02 -> 
  custom:video-encoder-webm-vp8: eb34c28f22e8b96e1ab97ce403110664 -> 
  custom:audio-encoder-webm-vorbis: bf7c407c2cedff20999df2af8eb42d56 -> 
  custom:framework-win-MediaFoundation: 216162199b28c13a410421893ffa2e32 -> 
  custom:container-demuxer-ogg: 62fdf1f143b41e24485cea50d1cbac27 -> 
  custom:video-decoder-webm-vp8: 9c59270c3fd7afecdb556c50c9e8de78 -> 
  custom:audio-decoder-ogg-vorbis: bf7c407c2cedff20999df2af8eb42d56 -> 
========================================================================
Received Import Request.
  Time since last request: 937221.900020 seconds.
  path: Assets/Unity Store Downloads/Animations/2Hand-Sword/RPG-Character@2Hand-Sword-Attack6.FBX
  artifactKey: Guid(c9cdccfb9d6cfef4d9992105a94b5d86) Importer(815301076,1909f56bfc062723c751e8b465ee728b)
Start importing Assets/Unity Store Downloads/Animations/2Hand-Sword/RPG-Character@2Hand-Sword-Attack6.FBX using Guid(c9cdccfb9d6cfef4d9992105a94b5d86) Importer(815301076,1909f56bfc062723c751e8b465ee728b)  -> (artifact id: '8189df8bc13547e1746af7e24eb38bf2') in 0.068778 seconds 
========================================================================
Received Import Request.
  Time since last request: 0.000022 seconds.
  path: Assets/AurynSky/Rockets Missiles and Bombs/Prefabs/Yellow/Rocket30_Yellow.prefab
  artifactKey: Guid(50b7a34f77138a047b5b3ff704ed8e65) Importer(815301076,1909f56bfc062723c751e8b465ee728b)
Start importing Assets/AurynSky/Rockets Missiles and Bombs/Prefabs/Yellow/Rocket30_Yellow.prefab using Guid(50b7a34f77138a047b5b3ff704ed8e65) Importer(815301076,1909f56bfc062723c751e8b465ee728b)  -> (artifact id: 'a9d5c94a15b5922cb60bada6622a5797') in 0.075790 seconds 
========================================================================
Received Import Request.
  Time since last request: 0.014914 seconds.
  path: Assets/AurynSky/Rockets Missiles and Bombs/Prefabs/Grey/Rocket29_Grey.prefab
  artifactKey: Guid(18b82e2761b37754fa282ffd7295c5f0) Importer(815301076,1909f56bfc062723c751e8b465ee728b)
Start importing Assets/AurynSky/Rockets Missiles and Bombs/Prefabs/Grey/Rocket29_Grey.prefab using Guid(18b82e2761b37754fa282ffd7295c5f0) Importer(815301076,1909f56bfc062723c751e8b465ee728b)  -> (artifact id: '02eb360350453cb1a2600943862cb4d0') in 0.017337 seconds 
========================================================================
Received Import Request.
  Time since last request: 0.000019 seconds.
  path: Assets/AurynSky/Rockets Missiles and Bombs/Prefabs/Green/Rocket29_Green.prefab
  artifactKey: Guid(7a6cd862ec9cb8c4495b363963bf68ee) Importer(815301076,1909f56bfc062723c751e8b465ee728b)
Start importing Assets/AurynSky/Rockets Missiles and Bombs/Prefabs/Green/Rocket29_Green.prefab using Guid(7a6cd862ec9cb8c4495b363963bf68ee) Importer(815301076,1909f56bfc062723c751e8b465ee728b)  -> (artifact id: 'aa9c42d83798337b18083de02485341d') in 0.015192 seconds 
========================================================================
Received Import Request.
  Time since last request: 0.010208 seconds.
  path: Assets/AurynSky/Rockets Missiles and Bombs/Models/Rocket29.fbx
  artifactKey: Guid(5bb10a455c42fbd4db3364f122c26a79) Importer(815301076,1909f56bfc062723c751e8b465ee728b)
Start importing Assets/AurynSky/Rockets Missiles and Bombs/Models/Rocket29.fbx using Guid(5bb10a455c42fbd4db3364f122c26a79) Importer(815301076,1909f56bfc062723c751e8b465ee728b)  -> (artifact id: '1d64e387efcaa951e18e996a34fdbeaf') in 0.046647 seconds 
========================================================================
Received Import Request.
  Time since last request: 0.017626 seconds.
  path: Assets/AurynSky/Rockets Missiles and Bombs/Prefabs/Pink/Rocket27_Pink.prefab
  artifactKey: Guid(dff2d2470486954449ad63350cd20cd5) Importer(815301076,1909f56bfc062723c751e8b465ee728b)
Start importing Assets/AurynSky/Rockets Missiles and Bombs/Prefabs/Pink/Rocket27_Pink.prefab using Guid(dff2d2470486954449ad63350cd20cd5) Importer(815301076,1909f56bfc062723c751e8b465ee728b)  -> (artifact id: 'def3647860e3a86f18d5e1b94c135416') in 0.013261 seconds 
========================================================================
Received Import Request.
  Time since last request: 0.000019 seconds.
  path: Assets/AurynSky/Rockets Missiles and Bombs/Prefabs/Orange/Rocket27_Orange.prefab
  artifactKey: Guid(9600bb0091acb80408dd622e882c5ce5) Importer(815301076,1909f56bfc062723c751e8b465ee728b)
Start importing Assets/AurynSky/Rockets Missiles and Bombs/Prefabs/Orange/Rocket27_Orange.prefab using Guid(9600bb0091acb80408dd622e882c5ce5) Importer(815301076,1909f56bfc062723c751e8b465ee728b)  -> (artifact id: 'ebd71502ab761f025edfcf3df9c3efb4') in 0.014136 seconds 
========================================================================
Received Import Request.
  Time since last request: 0.000652 seconds.
  path: Assets/AurynSky/Rockets Missiles and Bombs/Prefabs/Green/Rocket27_Green.prefab
  artifactKey: Guid(87d9e4b372d716947b5c06886782d46b) Importer(815301076,1909f56bfc062723c751e8b465ee728b)
Start importing Assets/AurynSky/Rockets Missiles and Bombs/Prefabs/Green/Rocket27_Green.prefab using Guid(87d9e4b372d716947b5c06886782d46b) Importer(815301076,1909f56bfc062723c751e8b465ee728b)  -> (artifact id: 'b4aa85e2ea5acac5114a87e94eae7229') in 0.015144 seconds 
========================================================================
Received Import Request.
  Time since last request: 0.002234 seconds.
  path: Assets/AurynSky/Rockets Missiles and Bombs/Models/Rocket27.fbx
  artifactKey: Guid(ed244208472a4e048835974f57110a96) Importer(815301076,1909f56bfc062723c751e8b465ee728b)
Start importing Assets/AurynSky/Rockets Missiles and Bombs/Models/Rocket27.fbx using Guid(ed244208472a4e048835974f57110a96) Importer(815301076,1909f56bfc062723c751e8b465ee728b)  -> (artifact id: '40406d19183ebc60582bfd7b81d2df5f') in 0.019469 seconds 
========================================================================
Received Import Request.
  Time since last request: 0.000022 seconds.
  path: Assets/AurynSky/Rockets Missiles and Bombs/Prefabs/Red/Rocket25_Red.prefab
  artifactKey: Guid(c3d2ff021d5e571409f931cdad2dd3f1) Importer(815301076,1909f56bfc062723c751e8b465ee728b)
Start importing Assets/AurynSky/Rockets Missiles and Bombs/Prefabs/Red/Rocket25_Red.prefab using Guid(c3d2ff021d5e571409f931cdad2dd3f1) Importer(815301076,1909f56bfc062723c751e8b465ee728b)  -> (artifact id: 'a0b4e7802250cf8fb186effb820aa512') in 0.013692 seconds 
========================================================================
Received Import Request.
  Time since last request: 0.005810 seconds.
  path: Assets/AurynSky/Rockets Missiles and Bombs/Prefabs/Grey/Rocket25_Grey.prefab
  artifactKey: Guid(ec83c4e9a9128c847ae82d569a85f7e7) Importer(815301076,1909f56bfc062723c751e8b465ee728b)
Start importing Assets/AurynSky/Rockets Missiles and Bombs/Prefabs/Grey/Rocket25_Grey.prefab using Guid(ec83c4e9a9128c847ae82d569a85f7e7) Importer(815301076,1909f56bfc062723c751e8b465ee728b)  -> (artifact id: 'dae23c6108b99c761b63e2ed82627ce2') in 0.014852 seconds 
========================================================================
Received Import Request.
  Time since last request: 0.004738 seconds.
  path: Assets/AurynSky/Rockets Missiles and Bombs/Models/Rocket25.fbx
  artifactKey: Guid(a24750d7eb60fe945b3ff61bfd264da3) Importer(815301076,1909f56bfc062723c751e8b465ee728b)
Start importing Assets/AurynSky/Rockets Missiles and Bombs/Models/Rocket25.fbx using Guid(a24750d7eb60fe945b3ff61bfd264da3) Importer(815301076,1909f56bfc062723c751e8b465ee728b)  -> (artifact id: '8ba1fed18ab4b897b97f902b2d848f29') in 0.024059 seconds 
========================================================================
Received Import Request.
  Time since last request: 0.011302 seconds.
  path: Assets/AurynSky/Rockets Missiles and Bombs/Prefabs/Pink/Rocket23_Pink.prefab
  artifactKey: Guid(7934a34f546e3414ca6ed02b3a737774) Importer(815301076,1909f56bfc062723c751e8b465ee728b)
Start importing Assets/AurynSky/Rockets Missiles and Bombs/Prefabs/Pink/Rocket23_Pink.prefab using Guid(7934a34f546e3414ca6ed02b3a737774) Importer(815301076,1909f56bfc062723c751e8b465ee728b)  -> (artifact id: '54fcf8bc19d5e1cb5de83d9d935d9a64') in 0.014264 seconds 
========================================================================
Received Import Request.
  Time since last request: 0.000016 seconds.
  path: Assets/AurynSky/Rockets Missiles and Bombs/Prefabs/Green/Rocket23_Green.prefab
  artifactKey: Guid(3bbc3aa8c1174d84c9b6a5b28d97183f) Importer(815301076,1909f56bfc062723c751e8b465ee728b)
Start importing Assets/AurynSky/Rockets Missiles and Bombs/Prefabs/Green/Rocket23_Green.prefab using Guid(3bbc3aa8c1174d84c9b6a5b28d97183f) Importer(815301076,1909f56bfc062723c751e8b465ee728b)  -> (artifact id: 'baacc801c869aa943cc5d9a67031845f') in 0.014070 seconds 
========================================================================
Received Import Request.
  Time since last request: 0.006107 seconds.
  path: Assets/AurynSky/Rockets Missiles and Bombs/Models/Rocket23.fbx
  artifactKey: Guid(b870450fc3cf4b148af930fc85b1cb33) Importer(815301076,1909f56bfc062723c751e8b465ee728b)
Start importing Assets/AurynSky/Rockets Missiles and Bombs/Models/Rocket23.fbx using Guid(b870450fc3cf4b148af930fc85b1cb33) Importer(815301076,1909f56bfc062723c751e8b465ee728b)  -> (artifact id: '037c63cec28b41b1d5dbd82266f68fc4') in 0.023058 seconds 
========================================================================
Received Import Request.
  Time since last request: 0.020147 seconds.
  path: Assets/AurynSky/Rockets Missiles and Bombs/Prefabs/Pink/Rocket21_Pink.prefab
  artifactKey: Guid(9264447870e2fcf4c9e6bf6e0d23c4a6) Importer(815301076,1909f56bfc062723c751e8b465ee728b)
Start importing Assets/AurynSky/Rockets Missiles and Bombs/Prefabs/Pink/Rocket21_Pink.prefab using Guid(9264447870e2fcf4c9e6bf6e0d23c4a6) Importer(815301076,1909f56bfc062723c751e8b465ee728b)  -> (artifact id: '43fba890b7269a1820d10543d7f51078') in 0.014028 seconds 
========================================================================
Received Import Request.
  Time since last request: 0.000019 seconds.
  path: Assets/AurynSky/Rockets Missiles and Bombs/Prefabs/Orange/Rocket21_Orange.prefab
  artifactKey: Guid(bc9f072c0775a734f8da2c0f78cdf9f7) Importer(815301076,1909f56bfc062723c751e8b465ee728b)
Start importing Assets/AurynSky/Rockets Missiles and Bombs/Prefabs/Orange/Rocket21_Orange.prefab using Guid(bc9f072c0775a734f8da2c0f78cdf9f7) Importer(815301076,1909f56bfc062723c751e8b465ee728b)  -> (artifact id: 'f600c99894c365fbe820c1f7e9495dc5') in 0.012851 seconds 
========================================================================
Received Import Request.
  Time since last request: 0.001319 seconds.
  path: Assets/AurynSky/Rockets Missiles and Bombs/Models/Rocket21.fbx
  artifactKey: Guid(377c635e6ac08e6419ccdc298b66e44b) Importer(815301076,1909f56bfc062723c751e8b465ee728b)
Start importing Assets/AurynSky/Rockets Missiles and Bombs/Models/Rocket21.fbx using Guid(377c635e6ac08e6419ccdc298b66e44b) Importer(815301076,1909f56bfc062723c751e8b465ee728b)  -> (artifact id: 'a08b5fb5ae65adc27dded98918944300') in 0.024940 seconds 
========================================================================
Received Import Request.
  Time since last request: 0.000017 seconds.
  path: Assets/AurynSky/Rockets Missiles and Bombs/Prefabs/Red/Rocket20_Red.prefab
  artifactKey: Guid(6a3a8a8cf48e3724caddfc3a5720216c) Importer(815301076,1909f56bfc062723c751e8b465ee728b)
Start importing Assets/AurynSky/Rockets Missiles and Bombs/Prefabs/Red/Rocket20_Red.prefab using Guid(6a3a8a8cf48e3724caddfc3a5720216c) Importer(815301076,1909f56bfc062723c751e8b465ee728b)  -> (artifact id: '55c1175ce4fdb693699c451cfaf27b01') in 0.012034 seconds 
========================================================================
Received Import Request.
  Time since last request: 0.015305 seconds.
  path: Assets/AurynSky/Rockets Missiles and Bombs/Prefabs/Grey/Rocket19_Grey.prefab
  artifactKey: Guid(a46ad5aa839471343ad678ccf1fa6a40) Importer(815301076,1909f56bfc062723c751e8b465ee728b)
Start importing Assets/AurynSky/Rockets Missiles and Bombs/Prefabs/Grey/Rocket19_Grey.prefab using Guid(a46ad5aa839471343ad678ccf1fa6a40) Importer(815301076,1909f56bfc062723c751e8b465ee728b)  -> (artifact id: '4a3007340433026f7fcccd6231192d88') in 0.014592 seconds 
========================================================================
Received Import Request.
  Time since last request: 0.000043 seconds.
  path: Assets/AurynSky/Rockets Missiles and Bombs/Prefabs/Green/Rocket19_Green.prefab
  artifactKey: Guid(7cf48b1931617c243aa4e27e065567d6) Importer(815301076,1909f56bfc062723c751e8b465ee728b)
Start importing Assets/AurynSky/Rockets Missiles and Bombs/Prefabs/Green/Rocket19_Green.prefab using Guid(7cf48b1931617c243aa4e27e065567d6) Importer(815301076,1909f56bfc062723c751e8b465ee728b)  -> (artifact id: '7b798aa4e807aad1cfedef9acad6badf') in 0.014065 seconds 
========================================================================
Received Import Request.
  Time since last request: 0.002129 seconds.
  path: Assets/AurynSky/Rockets Missiles and Bombs/Prefabs/Pink/Rocket18_Pink.prefab
  artifactKey: Guid(971f59115a4c9db4788065cdaea9677c) Importer(815301076,1909f56bfc062723c751e8b465ee728b)
Start importing Assets/AurynSky/Rockets Missiles and Bombs/Prefabs/Pink/Rocket18_Pink.prefab using Guid(971f59115a4c9db4788065cdaea9677c) Importer(815301076,1909f56bfc062723c751e8b465ee728b)  -> (artifact id: 'c21c8f683160cc927f23eb7da8e6e056') in 0.014104 seconds 
========================================================================
Received Import Request.
  Time since last request: 0.000022 seconds.
  path: Assets/AurynSky/Rockets Missiles and Bombs/Models/Rocket19.fbx
  artifactKey: Guid(70b1c37933702514a9b7c1cded1042d3) Importer(815301076,1909f56bfc062723c751e8b465ee728b)
Start importing Assets/AurynSky/Rockets Missiles and Bombs/Models/Rocket19.fbx using Guid(70b1c37933702514a9b7c1cded1042d3) Importer(815301076,1909f56bfc062723c751e8b465ee728b)  -> (artifact id: '7d330cc4e2982706fdfbff65e41649f9') in 0.019994 seconds 
========================================================================
Received Import Request.
  Time since last request: 0.025665 seconds.
  path: Assets/AurynSky/Rockets Missiles and Bombs/Prefabs/Blue/Rocket17_Blue.prefab
  artifactKey: Guid(b59fbbcf93111f54eb0fb67e903c97f5) Importer(815301076,1909f56bfc062723c751e8b465ee728b)
Start importing Assets/AurynSky/Rockets Missiles and Bombs/Prefabs/Blue/Rocket17_Blue.prefab using Guid(b59fbbcf93111f54eb0fb67e903c97f5) Importer(815301076,1909f56bfc062723c751e8b465ee728b)  -> (artifact id: '8063274f7110b22689909168a257a610') in 0.014006 seconds 
========================================================================
Received Import Request.
  Time since last request: 0.000025 seconds.
  path: Assets/AurynSky/Rockets Missiles and Bombs/Models/Rocket17.fbx
  artifactKey: Guid(f609dd87b50e7a84e901dbd4b54f69cf) Importer(815301076,1909f56bfc062723c751e8b465ee728b)
Start importing Assets/AurynSky/Rockets Missiles and Bombs/Models/Rocket17.fbx using Guid(f609dd87b50e7a84e901dbd4b54f69cf) Importer(815301076,1909f56bfc062723c751e8b465ee728b)  -> (artifact id: 'abdb1dcd7b1dd0c58092f2bc21376926') in 0.020378 seconds 
========================================================================
Received Import Request.
  Time since last request: 0.000135 seconds.
  path: Assets/AurynSky/Rockets Missiles and Bombs/Prefabs/Grey/Rocket16_Grey.prefab
  artifactKey: Guid(09953c8eb4fcb7d4b8e4940fcef25e8b) Importer(815301076,1909f56bfc062723c751e8b465ee728b)
Start importing Assets/AurynSky/Rockets Missiles and Bombs/Prefabs/Grey/Rocket16_Grey.prefab using Guid(09953c8eb4fcb7d4b8e4940fcef25e8b) Importer(815301076,1909f56bfc062723c751e8b465ee728b)  -> (artifact id: 'bbc82c73b3406354b15da3eadb0c1ac7') in 0.014742 seconds 
========================================================================
Received Import Request.
  Time since last request: 0.000026 seconds.
  path: Assets/AurynSky/Rockets Missiles and Bombs/Prefabs/Red/Rocket16_Red.prefab
  artifactKey: Guid(720bd4b72fb311c468bfbf618f17263f) Importer(815301076,1909f56bfc062723c751e8b465ee728b)
Start importing Assets/AurynSky/Rockets Missiles and Bombs/Prefabs/Red/Rocket16_Red.prefab using Guid(720bd4b72fb311c468bfbf618f17263f) Importer(815301076,1909f56bfc062723c751e8b465ee728b)  -> (artifact id: '969c6c022ac5ecfad3648d584f7b172d') in 0.012431 seconds 
========================================================================
Received Import Request.
  Time since last request: 24.003829 seconds.
  path: Assets/AurynSky/Rockets Missiles and Bombs
  artifactKey: Guid(642fe98cf4aaee44d824e1abc98056e8) Importer(815301076,1909f56bfc062723c751e8b465ee728b)
Start importing Assets/AurynSky/Rockets Missiles and Bombs using Guid(642fe98cf4aaee44d824e1abc98056e8) Importer(815301076,1909f56bfc062723c751e8b465ee728b)  -> (artifact id: '0853704b400a2dbfd0e34eb4fdd8e115') in 0.006869 seconds 
========================================================================
Received Import Request.
  Time since last request: 1.989720 seconds.
  path: Assets/AurynSky/Rockets Missiles and Bombs/Models
  artifactKey: Guid(577b026a538d49d4880f444a790d4e2a) Importer(815301076,1909f56bfc062723c751e8b465ee728b)
Start importing Assets/AurynSky/Rockets Missiles and Bombs/Models using Guid(577b026a538d49d4880f444a790d4e2a) Importer(815301076,1909f56bfc062723c751e8b465ee728b)  -> (artifact id: '8594db7555c447265bc68237d3b64920') in 0.005971 seconds 
========================================================================
Received Import Request.
  Time since last request: 1.740371 seconds.
  path: Assets/AurynSky/Rockets Missiles and Bombs/Models/Rocket10.fbx
  artifactKey: Guid(70885693ea99b8749b751f80202232a3) Importer(815301076,1909f56bfc062723c751e8b465ee728b)
Start importing Assets/AurynSky/Rockets Missiles and Bombs/Models/Rocket10.fbx using Guid(70885693ea99b8749b751f80202232a3) Importer(815301076,1909f56bfc062723c751e8b465ee728b)  -> (artifact id: '583da2e5875759a0bfc257e7144da285') in 0.020403 seconds 
========================================================================
Received Import Request.
  Time since last request: 53.907598 seconds.
  path: Assets/AurynSky/Rockets Missiles and Bombs/Models/Rocket15.fbx
  artifactKey: Guid(1f5bb1d04294e7d4280a3a40b527ac3e) Importer(815301076,1909f56bfc062723c751e8b465ee728b)
Start importing Assets/AurynSky/Rockets Missiles and Bombs/Models/Rocket15.fbx using Guid(1f5bb1d04294e7d4280a3a40b527ac3e) Importer(815301076,1909f56bfc062723c751e8b465ee728b)  -> (artifact id: '30faf4345cf45a4da18b79d6a2cc4448') in 0.034503 seconds 
========================================================================
Received Import Request.
  Time since last request: 0.538362 seconds.
  path: Assets/AurynSky/Rockets Missiles and Bombs/Models/Rocket14.fbx
  artifactKey: Guid(22eca42868f30c24ab3c2f251d237633) Importer(815301076,1909f56bfc062723c751e8b465ee728b)
Start importing Assets/AurynSky/Rockets Missiles and Bombs/Models/Rocket14.fbx using Guid(22eca42868f30c24ab3c2f251d237633) Importer(815301076,1909f56bfc062723c751e8b465ee728b)  -> (artifact id: 'aae54dc6b80aaf5f13ee4e84982d39f5') in 0.022047 seconds 
========================================================================
Received Import Request.
  Time since last request: 209.785093 seconds.
  path: Assets/Prefabs/Rocket_nuke.prefab
  artifactKey: Guid(bde8dfcaa733fca41aabe447940692fa) Importer(815301076,1909f56bfc062723c751e8b465ee728b)
Start importing Assets/Prefabs/Rocket_nuke.prefab using Guid(bde8dfcaa733fca41aabe447940692fa) Importer(815301076,1909f56bfc062723c751e8b465ee728b)  -> (artifact id: 'aa66bea5a05b05ae128e59d5e2e1c902') in 0.024563 seconds 
========================================================================
Received Prepare
Registering precompiled user dll's ...
Registered in 0.006145 seconds.
Begin MonoManager ReloadAssembly
Symbol file LoadedFromMemory doesn't match image C:\Users\Rathalos\Documents\GitHub\Shooter_pp2\PP2_Shooter\Library\PackageCache\com.unity.visualscripting@1.7.8\Editor\VisualScripting.Core\Dependencies\YamlDotNet\Unity.VisualScripting.YamlDotNet.dll
Symbol file LoadedFromMemory doesn't match image C:\Users\Rathalos\Documents\GitHub\Shooter_pp2\PP2_Shooter\Library\PackageCache\com.unity.visualscripting@1.7.8\Editor\VisualScripting.Core\Dependencies\DotNetZip\Unity.VisualScripting.IonicZip.dll
Native extension for WindowsStandalone target not found
Native extension for WebGL target not found
Refreshing native plugins compatible for Editor in 0.59 ms, found 3 plugins.
Preloading 0 native plugins for Editor in 0.00 ms.
Mono: successfully reloaded assembly
- Completed reload, in  0.976 seconds
Domain Reload Profiling:
	ReloadAssembly (976ms)
		BeginReloadAssembly (121ms)
			ExecutionOrderSort (0ms)
			DisableScriptedObjects (4ms)
			BackupInstance (0ms)
			ReleaseScriptingObjects (0ms)
			CreateAndSetChildDomain (33ms)
		EndReloadAssembly (747ms)
			LoadAssemblies (77ms)
			RebuildTransferFunctionScriptingTraits (0ms)
			SetupTypeCache (240ms)
			ReleaseScriptCaches (1ms)
			RebuildScriptCaches (41ms)
			SetupLoadedEditorAssemblies (344ms)
				LogAssemblyErrors (0ms)
				InitializePlatformSupportModulesInManaged (15ms)
				SetLoadedEditorAssemblies (1ms)
				RefreshPlugins (1ms)
				BeforeProcessingInitializeOnLoad (80ms)
				ProcessInitializeOnLoadAttributes (209ms)
				ProcessInitializeOnLoadMethodAttributes (28ms)
				AfterProcessingInitializeOnLoad (10ms)
				EditorAssembliesLoaded (0ms)
			ExecutionOrderSort2 (0ms)
			AwakeInstancesAfterBackupRestoration (6ms)
Platform modules already initialized, skipping
Refreshing native plugins compatible for Editor in 3.34 ms, found 3 plugins.
Preloading 0 native plugins for Editor in 0.00 ms.
Unloading 3417 Unused Serialized files (Serialized files now loaded: 0)
Unloading 22 unused Assets / (79.9 KB). Loaded Objects now: 3958.
Memory consumption went from 138.3 MB to 138.2 MB.
Total: 3.062600 ms (FindLiveObjects: 0.345000 ms CreateObjectMapping: 0.277900 ms MarkObjects: 2.298000 ms  DeleteObjects: 0.140300 ms)

AssetImportParameters requested are different than current active one (requested -> active):
  custom:video-decoder-ogg-theora: a1e56fd34408186e4bbccfd4996cb3dc -> 
  custom:container-muxer-webm: aa71ff27fc2769a1b78a27578f13a17b -> 
  custom:container-demuxer-webm: 4f35f7cbe854078d1ac9338744f61a02 -> 
  custom:video-encoder-webm-vp8: eb34c28f22e8b96e1ab97ce403110664 -> 
  custom:audio-encoder-webm-vorbis: bf7c407c2cedff20999df2af8eb42d56 -> 
  custom:framework-win-MediaFoundation: 216162199b28c13a410421893ffa2e32 -> 
  custom:container-demuxer-ogg: 62fdf1f143b41e24485cea50d1cbac27 -> 
  custom:video-decoder-webm-vp8: 9c59270c3fd7afecdb556c50c9e8de78 -> 
  custom:audio-decoder-ogg-vorbis: bf7c407c2cedff20999df2af8eb42d56 -> 
========================================================================
Received Import Request.
  Time since last request: 87.733328 seconds.
  path: Assets/Prefabs/Rocket_nuke.prefab
  artifactKey: Guid(bde8dfcaa733fca41aabe447940692fa) Importer(815301076,1909f56bfc062723c751e8b465ee728b)
Start importing Assets/Prefabs/Rocket_nuke.prefab using Guid(bde8dfcaa733fca41aabe447940692fa) Importer(815301076,1909f56bfc062723c751e8b465ee728b)  -> (artifact id: '914bb7368d4a6fa846e67aff73ea5ff4') in 0.077323 seconds 
========================================================================
Received Prepare
Registering precompiled user dll's ...
Registered in 0.006949 seconds.
Begin MonoManager ReloadAssembly
Symbol file LoadedFromMemory doesn't match image C:\Users\Rathalos\Documents\GitHub\Shooter_pp2\PP2_Shooter\Library\PackageCache\com.unity.visualscripting@1.7.8\Editor\VisualScripting.Core\Dependencies\YamlDotNet\Unity.VisualScripting.YamlDotNet.dll
Symbol file LoadedFromMemory doesn't match image C:\Users\Rathalos\Documents\GitHub\Shooter_pp2\PP2_Shooter\Library\PackageCache\com.unity.visualscripting@1.7.8\Editor\VisualScripting.Core\Dependencies\DotNetZip\Unity.VisualScripting.IonicZip.dll
Native extension for WindowsStandalone target not found
Native extension for WebGL target not found
Refreshing native plugins compatible for Editor in 0.57 ms, found 3 plugins.
Preloading 0 native plugins for Editor in 0.00 ms.
Mono: successfully reloaded assembly
- Completed reload, in  0.968 seconds
Domain Reload Profiling:
	ReloadAssembly (969ms)
		BeginReloadAssembly (124ms)
			ExecutionOrderSort (0ms)
			DisableScriptedObjects (4ms)
			BackupInstance (0ms)
			ReleaseScriptingObjects (0ms)
			CreateAndSetChildDomain (36ms)
		EndReloadAssembly (753ms)
			LoadAssemblies (78ms)
			RebuildTransferFunctionScriptingTraits (0ms)
			SetupTypeCache (240ms)
			ReleaseScriptCaches (1ms)
			RebuildScriptCaches (38ms)
			SetupLoadedEditorAssemblies (350ms)
				LogAssemblyErrors (0ms)
				InitializePlatformSupportModulesInManaged (15ms)
				SetLoadedEditorAssemblies (0ms)
				RefreshPlugins (1ms)
				BeforeProcessingInitializeOnLoad (72ms)
				ProcessInitializeOnLoadAttributes (224ms)
				ProcessInitializeOnLoadMethodAttributes (28ms)
				AfterProcessingInitializeOnLoad (11ms)
				EditorAssembliesLoaded (0ms)
			ExecutionOrderSort2 (0ms)
			AwakeInstancesAfterBackupRestoration (7ms)
Platform modules already initialized, skipping
Refreshing native plugins compatible for Editor in 2.86 ms, found 3 plugins.
Preloading 0 native plugins for Editor in 0.00 ms.
Unloading 3417 Unused Serialized files (Serialized files now loaded: 0)
Unloading 22 unused Assets / (79.8 KB). Loaded Objects now: 3961.
Memory consumption went from 138.3 MB to 138.2 MB.
Total: 2.977800 ms (FindLiveObjects: 0.284900 ms CreateObjectMapping: 0.208700 ms MarkObjects: 2.351100 ms  DeleteObjects: 0.131700 ms)

AssetImportParameters requested are different than current active one (requested -> active):
  custom:video-decoder-ogg-theora: a1e56fd34408186e4bbccfd4996cb3dc -> 
  custom:container-muxer-webm: aa71ff27fc2769a1b78a27578f13a17b -> 
  custom:container-demuxer-webm: 4f35f7cbe854078d1ac9338744f61a02 -> 
  custom:video-encoder-webm-vp8: eb34c28f22e8b96e1ab97ce403110664 -> 
  custom:audio-encoder-webm-vorbis: bf7c407c2cedff20999df2af8eb42d56 -> 
  custom:framework-win-MediaFoundation: 216162199b28c13a410421893ffa2e32 -> 
  custom:container-demuxer-ogg: 62fdf1f143b41e24485cea50d1cbac27 -> 
  custom:video-decoder-webm-vp8: 9c59270c3fd7afecdb556c50c9e8de78 -> 
  custom:audio-decoder-ogg-vorbis: bf7c407c2cedff20999df2af8eb42d56 -> 
========================================================================
Received Prepare
Registering precompiled user dll's ...
Registered in 0.006663 seconds.
Begin MonoManager ReloadAssembly
Symbol file LoadedFromMemory doesn't match image C:\Users\Rathalos\Documents\GitHub\Shooter_pp2\PP2_Shooter\Library\PackageCache\com.unity.visualscripting@1.7.8\Editor\VisualScripting.Core\Dependencies\YamlDotNet\Unity.VisualScripting.YamlDotNet.dll
Symbol file LoadedFromMemory doesn't match image C:\Users\Rathalos\Documents\GitHub\Shooter_pp2\PP2_Shooter\Library\PackageCache\com.unity.visualscripting@1.7.8\Editor\VisualScripting.Core\Dependencies\DotNetZip\Unity.VisualScripting.IonicZip.dll
Native extension for WindowsStandalone target not found
Native extension for WebGL target not found
Refreshing native plugins compatible for Editor in 1.02 ms, found 3 plugins.
Preloading 0 native plugins for Editor in 0.00 ms.
Mono: successfully reloaded assembly
- Completed reload, in  0.939 seconds
Domain Reload Profiling:
	ReloadAssembly (939ms)
		BeginReloadAssembly (129ms)
			ExecutionOrderSort (0ms)
			DisableScriptedObjects (7ms)
			BackupInstance (0ms)
			ReleaseScriptingObjects (0ms)
			CreateAndSetChildDomain (31ms)
		EndReloadAssembly (725ms)
			LoadAssemblies (85ms)
			RebuildTransferFunctionScriptingTraits (0ms)
			SetupTypeCache (236ms)
			ReleaseScriptCaches (1ms)
			RebuildScriptCaches (39ms)
			SetupLoadedEditorAssemblies (330ms)
				LogAssemblyErrors (0ms)
				InitializePlatformSupportModulesInManaged (16ms)
				SetLoadedEditorAssemblies (1ms)
				RefreshPlugins (1ms)
				BeforeProcessingInitializeOnLoad (72ms)
				ProcessInitializeOnLoadAttributes (204ms)
				ProcessInitializeOnLoadMethodAttributes (25ms)
				AfterProcessingInitializeOnLoad (10ms)
				EditorAssembliesLoaded (0ms)
			ExecutionOrderSort2 (0ms)
			AwakeInstancesAfterBackupRestoration (6ms)
Platform modules already initialized, skipping
Refreshing native plugins compatible for Editor in 2.78 ms, found 3 plugins.
Preloading 0 native plugins for Editor in 0.00 ms.
Unloading 3417 Unused Serialized files (Serialized files now loaded: 0)
Unloading 20 unused Assets / (79.0 KB). Loaded Objects now: 3964.
Memory consumption went from 138.2 MB to 138.1 MB.
Total: 2.530000 ms (FindLiveObjects: 0.253200 ms CreateObjectMapping: 0.178200 ms MarkObjects: 2.021300 ms  DeleteObjects: 0.076300 ms)

AssetImportParameters requested are different than current active one (requested -> active):
  custom:video-decoder-ogg-theora: a1e56fd34408186e4bbccfd4996cb3dc -> 
  custom:container-muxer-webm: aa71ff27fc2769a1b78a27578f13a17b -> 
  custom:container-demuxer-webm: 4f35f7cbe854078d1ac9338744f61a02 -> 
  custom:video-encoder-webm-vp8: eb34c28f22e8b96e1ab97ce403110664 -> 
  custom:audio-encoder-webm-vorbis: bf7c407c2cedff20999df2af8eb42d56 -> 
  custom:framework-win-MediaFoundation: 216162199b28c13a410421893ffa2e32 -> 
  custom:container-demuxer-ogg: 62fdf1f143b41e24485cea50d1cbac27 -> 
  custom:video-decoder-webm-vp8: 9c59270c3fd7afecdb556c50c9e8de78 -> 
  custom:audio-decoder-ogg-vorbis: bf7c407c2cedff20999df2af8eb42d56 -> 
========================================================================
Received Prepare
Registering precompiled user dll's ...
Registered in 0.006274 seconds.
Begin MonoManager ReloadAssembly
Symbol file LoadedFromMemory doesn't match image C:\Users\Rathalos\Documents\GitHub\Shooter_pp2\PP2_Shooter\Library\PackageCache\com.unity.visualscripting@1.7.8\Editor\VisualScripting.Core\Dependencies\YamlDotNet\Unity.VisualScripting.YamlDotNet.dll
Symbol file LoadedFromMemory doesn't match image C:\Users\Rathalos\Documents\GitHub\Shooter_pp2\PP2_Shooter\Library\PackageCache\com.unity.visualscripting@1.7.8\Editor\VisualScripting.Core\Dependencies\DotNetZip\Unity.VisualScripting.IonicZip.dll
Native extension for WindowsStandalone target not found
Native extension for WebGL target not found
Refreshing native plugins compatible for Editor in 0.68 ms, found 3 plugins.
Preloading 0 native plugins for Editor in 0.00 ms.
Mono: successfully reloaded assembly
- Completed reload, in  0.953 seconds
Domain Reload Profiling:
	ReloadAssembly (954ms)
		BeginReloadAssembly (115ms)
			ExecutionOrderSort (0ms)
			DisableScriptedObjects (4ms)
			BackupInstance (0ms)
			ReleaseScriptingObjects (0ms)
			CreateAndSetChildDomain (30ms)
		EndReloadAssembly (750ms)
			LoadAssemblies (73ms)
			RebuildTransferFunctionScriptingTraits (0ms)
			SetupTypeCache (253ms)
			ReleaseScriptCaches (1ms)
			RebuildScriptCaches (42ms)
			SetupLoadedEditorAssemblies (336ms)
				LogAssemblyErrors (0ms)
				InitializePlatformSupportModulesInManaged (15ms)
				SetLoadedEditorAssemblies (0ms)
				RefreshPlugins (1ms)
				BeforeProcessingInitializeOnLoad (73ms)
				ProcessInitializeOnLoadAttributes (207ms)
				ProcessInitializeOnLoadMethodAttributes (28ms)
				AfterProcessingInitializeOnLoad (11ms)
				EditorAssembliesLoaded (0ms)
			ExecutionOrderSort2 (0ms)
			AwakeInstancesAfterBackupRestoration (6ms)
Platform modules already initialized, skipping
Refreshing native plugins compatible for Editor in 3.06 ms, found 3 plugins.
Preloading 0 native plugins for Editor in 0.00 ms.
Unloading 3417 Unused Serialized files (Serialized files now loaded: 0)
Unloading 20 unused Assets / (79.0 KB). Loaded Objects now: 3967.
Memory consumption went from 138.3 MB to 138.2 MB.
Total: 2.669500 ms (FindLiveObjects: 0.273200 ms CreateObjectMapping: 0.167400 ms MarkObjects: 2.142500 ms  DeleteObjects: 0.085100 ms)

AssetImportParameters requested are different than current active one (requested -> active):
  custom:video-decoder-ogg-theora: a1e56fd34408186e4bbccfd4996cb3dc -> 
  custom:container-muxer-webm: aa71ff27fc2769a1b78a27578f13a17b -> 
  custom:container-demuxer-webm: 4f35f7cbe854078d1ac9338744f61a02 -> 
  custom:video-encoder-webm-vp8: eb34c28f22e8b96e1ab97ce403110664 -> 
  custom:audio-encoder-webm-vorbis: bf7c407c2cedff20999df2af8eb42d56 -> 
  custom:framework-win-MediaFoundation: 216162199b28c13a410421893ffa2e32 -> 
  custom:container-demuxer-ogg: 62fdf1f143b41e24485cea50d1cbac27 -> 
  custom:video-decoder-webm-vp8: 9c59270c3fd7afecdb556c50c9e8de78 -> 
  custom:audio-decoder-ogg-vorbis: bf7c407c2cedff20999df2af8eb42d56 -> 
========================================================================
Received Import Request.
  Time since last request: 16951.677934 seconds.
  path: Assets/scripts/enemyAI.cs
  artifactKey: Guid(b45ed17cf7a95fe4282a1f736ca2ac56) Importer(815301076,1909f56bfc062723c751e8b465ee728b)
Start importing Assets/scripts/enemyAI.cs using Guid(b45ed17cf7a95fe4282a1f736ca2ac56) Importer(815301076,1909f56bfc062723c751e8b465ee728b)  -> (artifact id: '7c4c6414eb893e700f85acd33f4bfb10') in 0.126293 seconds 
========================================================================
Received Import Request.
  Time since last request: 248.456028 seconds.
  path: Assets/scripts/enemyAI.cs
  artifactKey: Guid(b45ed17cf7a95fe4282a1f736ca2ac56) Importer(815301076,1909f56bfc062723c751e8b465ee728b)
Start importing Assets/scripts/enemyAI.cs using Guid(b45ed17cf7a95fe4282a1f736ca2ac56) Importer(815301076,1909f56bfc062723c751e8b465ee728b)  -> (artifact id: '6ca4c0822c834e2dfc2d42bbf6ce9e02') in 0.003073 seconds 
========================================================================
Received Prepare
Registering precompiled user dll's ...
Registered in 0.007119 seconds.
Begin MonoManager ReloadAssembly
Symbol file LoadedFromMemory doesn't match image C:\Users\Rathalos\Documents\GitHub\Shooter_pp2\PP2_Shooter\Library\PackageCache\com.unity.visualscripting@1.7.8\Editor\VisualScripting.Core\Dependencies\YamlDotNet\Unity.VisualScripting.YamlDotNet.dll
Symbol file LoadedFromMemory doesn't match image C:\Users\Rathalos\Documents\GitHub\Shooter_pp2\PP2_Shooter\Library\PackageCache\com.unity.visualscripting@1.7.8\Editor\VisualScripting.Core\Dependencies\DotNetZip\Unity.VisualScripting.IonicZip.dll
Native extension for WindowsStandalone target not found
Native extension for WebGL target not found
Refreshing native plugins compatible for Editor in 0.62 ms, found 3 plugins.
Preloading 0 native plugins for Editor in 0.00 ms.
Mono: successfully reloaded assembly
- Completed reload, in  1.012 seconds
Domain Reload Profiling:
	ReloadAssembly (1013ms)
		BeginReloadAssembly (234ms)
			ExecutionOrderSort (0ms)
			DisableScriptedObjects (11ms)
			BackupInstance (0ms)
			ReleaseScriptingObjects (0ms)
			CreateAndSetChildDomain (88ms)
		EndReloadAssembly (679ms)
			LoadAssemblies (106ms)
			RebuildTransferFunctionScriptingTraits (0ms)
			SetupTypeCache (246ms)
			ReleaseScriptCaches (1ms)
			RebuildScriptCaches (33ms)
			SetupLoadedEditorAssemblies (287ms)
				LogAssemblyErrors (0ms)
				InitializePlatformSupportModulesInManaged (14ms)
				SetLoadedEditorAssemblies (1ms)
				RefreshPlugins (1ms)
				BeforeProcessingInitializeOnLoad (65ms)
				ProcessInitializeOnLoadAttributes (175ms)
				ProcessInitializeOnLoadMethodAttributes (22ms)
				AfterProcessingInitializeOnLoad (9ms)
				EditorAssembliesLoaded (0ms)
			ExecutionOrderSort2 (0ms)
			AwakeInstancesAfterBackupRestoration (6ms)
Platform modules already initialized, skipping
Refreshing native plugins compatible for Editor in 3.06 ms, found 3 plugins.
Preloading 0 native plugins for Editor in 0.00 ms.
Unloading 3417 Unused Serialized files (Serialized files now loaded: 0)
Unloading 20 unused Assets / (78.9 KB). Loaded Objects now: 3970.
Memory consumption went from 138.3 MB to 138.3 MB.
Total: 3.094200 ms (FindLiveObjects: 0.241600 ms CreateObjectMapping: 0.148000 ms MarkObjects: 2.624900 ms  DeleteObjects: 0.078800 ms)

AssetImportParameters requested are different than current active one (requested -> active):
  custom:video-decoder-ogg-theora: a1e56fd34408186e4bbccfd4996cb3dc -> 
  custom:container-muxer-webm: aa71ff27fc2769a1b78a27578f13a17b -> 
  custom:container-demuxer-webm: 4f35f7cbe854078d1ac9338744f61a02 -> 
  custom:video-encoder-webm-vp8: eb34c28f22e8b96e1ab97ce403110664 -> 
  custom:audio-encoder-webm-vorbis: bf7c407c2cedff20999df2af8eb42d56 -> 
  custom:framework-win-MediaFoundation: 216162199b28c13a410421893ffa2e32 -> 
  custom:container-demuxer-ogg: 62fdf1f143b41e24485cea50d1cbac27 -> 
  custom:video-decoder-webm-vp8: 9c59270c3fd7afecdb556c50c9e8de78 -> 
  custom:audio-decoder-ogg-vorbis: bf7c407c2cedff20999df2af8eb42d56 -> 
========================================================================
Received Prepare
Registering precompiled user dll's ...
Registered in 0.007290 seconds.
Begin MonoManager ReloadAssembly
Symbol file LoadedFromMemory doesn't match image C:\Users\Rathalos\Documents\GitHub\Shooter_pp2\PP2_Shooter\Library\PackageCache\com.unity.visualscripting@1.7.8\Editor\VisualScripting.Core\Dependencies\YamlDotNet\Unity.VisualScripting.YamlDotNet.dll
Symbol file LoadedFromMemory doesn't match image C:\Users\Rathalos\Documents\GitHub\Shooter_pp2\PP2_Shooter\Library\PackageCache\com.unity.visualscripting@1.7.8\Editor\VisualScripting.Core\Dependencies\DotNetZip\Unity.VisualScripting.IonicZip.dll
Native extension for WindowsStandalone target not found
Native extension for WebGL target not found
Refreshing native plugins compatible for Editor in 1.08 ms, found 3 plugins.
Preloading 0 native plugins for Editor in 0.00 ms.
Mono: successfully reloaded assembly
- Completed reload, in  0.957 seconds
Domain Reload Profiling:
	ReloadAssembly (957ms)
		BeginReloadAssembly (116ms)
			ExecutionOrderSort (0ms)
			DisableScriptedObjects (5ms)
			BackupInstance (0ms)
			ReleaseScriptingObjects (0ms)
			CreateAndSetChildDomain (28ms)
		EndReloadAssembly (748ms)
			LoadAssemblies (75ms)
			RebuildTransferFunctionScriptingTraits (0ms)
			SetupTypeCache (252ms)
			ReleaseScriptCaches (1ms)
			RebuildScriptCaches (39ms)
			SetupLoadedEditorAssemblies (335ms)
				LogAssemblyErrors (0ms)
				InitializePlatformSupportModulesInManaged (14ms)
				SetLoadedEditorAssemblies (1ms)
				RefreshPlugins (1ms)
				BeforeProcessingInitializeOnLoad (78ms)
				ProcessInitializeOnLoadAttributes (205ms)
				ProcessInitializeOnLoadMethodAttributes (25ms)
				AfterProcessingInitializeOnLoad (11ms)
				EditorAssembliesLoaded (0ms)
			ExecutionOrderSort2 (0ms)
			AwakeInstancesAfterBackupRestoration (6ms)
Platform modules already initialized, skipping
Refreshing native plugins compatible for Editor in 2.87 ms, found 3 plugins.
Preloading 0 native plugins for Editor in 0.00 ms.
Unloading 3417 Unused Serialized files (Serialized files now loaded: 0)
Unloading 20 unused Assets / (78.9 KB). Loaded Objects now: 3973.
Memory consumption went from 138.3 MB to 138.3 MB.
Total: 2.481600 ms (FindLiveObjects: 0.261000 ms CreateObjectMapping: 0.160500 ms MarkObjects: 1.984600 ms  DeleteObjects: 0.074100 ms)

AssetImportParameters requested are different than current active one (requested -> active):
  custom:video-decoder-ogg-theora: a1e56fd34408186e4bbccfd4996cb3dc -> 
  custom:container-muxer-webm: aa71ff27fc2769a1b78a27578f13a17b -> 
  custom:container-demuxer-webm: 4f35f7cbe854078d1ac9338744f61a02 -> 
  custom:video-encoder-webm-vp8: eb34c28f22e8b96e1ab97ce403110664 -> 
  custom:audio-encoder-webm-vorbis: bf7c407c2cedff20999df2af8eb42d56 -> 
  custom:framework-win-MediaFoundation: 216162199b28c13a410421893ffa2e32 -> 
  custom:container-demuxer-ogg: 62fdf1f143b41e24485cea50d1cbac27 -> 
  custom:video-decoder-webm-vp8: 9c59270c3fd7afecdb556c50c9e8de78 -> 
  custom:audio-decoder-ogg-vorbis: bf7c407c2cedff20999df2af8eb42d56 -> 
========================================================================
Received Import Request.
  Time since last request: 84.496691 seconds.
  path: Assets/scripts/enemyAI.cs
  artifactKey: Guid(b45ed17cf7a95fe4282a1f736ca2ac56) Importer(815301076,1909f56bfc062723c751e8b465ee728b)
Start importing Assets/scripts/enemyAI.cs using Guid(b45ed17cf7a95fe4282a1f736ca2ac56) Importer(815301076,1909f56bfc062723c751e8b465ee728b)  -> (artifact id: '9b3d79f3229ecc99fe4c39e7106681a0') in 0.008000 seconds 
========================================================================
Received Prepare
Registering precompiled user dll's ...
Registered in 0.006949 seconds.
Begin MonoManager ReloadAssembly
Symbol file LoadedFromMemory doesn't match image C:\Users\Rathalos\Documents\GitHub\Shooter_pp2\PP2_Shooter\Library\PackageCache\com.unity.visualscripting@1.7.8\Editor\VisualScripting.Core\Dependencies\YamlDotNet\Unity.VisualScripting.YamlDotNet.dll
Symbol file LoadedFromMemory doesn't match image C:\Users\Rathalos\Documents\GitHub\Shooter_pp2\PP2_Shooter\Library\PackageCache\com.unity.visualscripting@1.7.8\Editor\VisualScripting.Core\Dependencies\DotNetZip\Unity.VisualScripting.IonicZip.dll
Native extension for WindowsStandalone target not found
Native extension for WebGL target not found
Refreshing native plugins compatible for Editor in 0.59 ms, found 3 plugins.
Preloading 0 native plugins for Editor in 0.00 ms.
Mono: successfully reloaded assembly
- Completed reload, in  0.913 seconds
Domain Reload Profiling:
	ReloadAssembly (913ms)
		BeginReloadAssembly (120ms)
			ExecutionOrderSort (0ms)
			DisableScriptedObjects (4ms)
			BackupInstance (0ms)
			ReleaseScriptingObjects (0ms)
			CreateAndSetChildDomain (32ms)
		EndReloadAssembly (692ms)
			LoadAssemblies (79ms)
			RebuildTransferFunctionScriptingTraits (0ms)
			SetupTypeCache (261ms)
			ReleaseScriptCaches (1ms)
			RebuildScriptCaches (35ms)
			SetupLoadedEditorAssemblies (283ms)
				LogAssemblyErrors (0ms)
				InitializePlatformSupportModulesInManaged (12ms)
				SetLoadedEditorAssemblies (0ms)
				RefreshPlugins (1ms)
				BeforeProcessingInitializeOnLoad (65ms)
				ProcessInitializeOnLoadAttributes (173ms)
				ProcessInitializeOnLoadMethodAttributes (22ms)
				AfterProcessingInitializeOnLoad (9ms)
				EditorAssembliesLoaded (0ms)
			ExecutionOrderSort2 (0ms)
			AwakeInstancesAfterBackupRestoration (6ms)
Platform modules already initialized, skipping
Refreshing native plugins compatible for Editor in 3.13 ms, found 3 plugins.
Preloading 0 native plugins for Editor in 0.00 ms.
Unloading 3417 Unused Serialized files (Serialized files now loaded: 0)
Unloading 20 unused Assets / (79.2 KB). Loaded Objects now: 3976.
Memory consumption went from 138.4 MB to 138.3 MB.
Total: 3.009100 ms (FindLiveObjects: 0.299000 ms CreateObjectMapping: 0.195900 ms MarkObjects: 2.426000 ms  DeleteObjects: 0.087000 ms)

AssetImportParameters requested are different than current active one (requested -> active):
  custom:video-decoder-ogg-theora: a1e56fd34408186e4bbccfd4996cb3dc -> 
  custom:container-muxer-webm: aa71ff27fc2769a1b78a27578f13a17b -> 
  custom:container-demuxer-webm: 4f35f7cbe854078d1ac9338744f61a02 -> 
  custom:video-encoder-webm-vp8: eb34c28f22e8b96e1ab97ce403110664 -> 
  custom:audio-encoder-webm-vorbis: bf7c407c2cedff20999df2af8eb42d56 -> 
  custom:framework-win-MediaFoundation: 216162199b28c13a410421893ffa2e32 -> 
  custom:container-demuxer-ogg: 62fdf1f143b41e24485cea50d1cbac27 -> 
  custom:video-decoder-webm-vp8: 9c59270c3fd7afecdb556c50c9e8de78 -> 
  custom:audio-decoder-ogg-vorbis: bf7c407c2cedff20999df2af8eb42d56 -> 
========================================================================
Received Prepare
Registering precompiled user dll's ...
Registered in 0.006076 seconds.
Begin MonoManager ReloadAssembly
Symbol file LoadedFromMemory doesn't match image C:\Users\Rathalos\Documents\GitHub\Shooter_pp2\PP2_Shooter\Library\PackageCache\com.unity.visualscripting@1.7.8\Editor\VisualScripting.Core\Dependencies\YamlDotNet\Unity.VisualScripting.YamlDotNet.dll
Symbol file LoadedFromMemory doesn't match image C:\Users\Rathalos\Documents\GitHub\Shooter_pp2\PP2_Shooter\Library\PackageCache\com.unity.visualscripting@1.7.8\Editor\VisualScripting.Core\Dependencies\DotNetZip\Unity.VisualScripting.IonicZip.dll
Native extension for WindowsStandalone target not found
Native extension for WebGL target not found
Refreshing native plugins compatible for Editor in 0.70 ms, found 3 plugins.
Preloading 0 native plugins for Editor in 0.00 ms.
Mono: successfully reloaded assembly
- Completed reload, in  0.992 seconds
Domain Reload Profiling:
	ReloadAssembly (992ms)
		BeginReloadAssembly (120ms)
			ExecutionOrderSort (0ms)
			DisableScriptedObjects (5ms)
			BackupInstance (0ms)
			ReleaseScriptingObjects (0ms)
			CreateAndSetChildDomain (33ms)
		EndReloadAssembly (772ms)
			LoadAssemblies (79ms)
			RebuildTransferFunctionScriptingTraits (0ms)
			SetupTypeCache (269ms)
			ReleaseScriptCaches (1ms)
			RebuildScriptCaches (42ms)
			SetupLoadedEditorAssemblies (335ms)
				LogAssemblyErrors (0ms)
				InitializePlatformSupportModulesInManaged (13ms)
				SetLoadedEditorAssemblies (0ms)
				RefreshPlugins (1ms)
				BeforeProcessingInitializeOnLoad (79ms)
				ProcessInitializeOnLoadAttributes (203ms)
				ProcessInitializeOnLoadMethodAttributes (28ms)
				AfterProcessingInitializeOnLoad (10ms)
				EditorAssembliesLoaded (0ms)
			ExecutionOrderSort2 (0ms)
			AwakeInstancesAfterBackupRestoration (6ms)
Platform modules already initialized, skipping
Refreshing native plugins compatible for Editor in 2.81 ms, found 3 plugins.
Preloading 0 native plugins for Editor in 0.00 ms.
Unloading 3417 Unused Serialized files (Serialized files now loaded: 0)
Unloading 20 unused Assets / (79.0 KB). Loaded Objects now: 3979.
Memory consumption went from 138.3 MB to 138.2 MB.
Total: 2.775400 ms (FindLiveObjects: 0.273400 ms CreateObjectMapping: 0.181100 ms MarkObjects: 2.240900 ms  DeleteObjects: 0.078700 ms)

AssetImportParameters requested are different than current active one (requested -> active):
  custom:video-decoder-ogg-theora: a1e56fd34408186e4bbccfd4996cb3dc -> 
  custom:container-muxer-webm: aa71ff27fc2769a1b78a27578f13a17b -> 
  custom:container-demuxer-webm: 4f35f7cbe854078d1ac9338744f61a02 -> 
  custom:video-encoder-webm-vp8: eb34c28f22e8b96e1ab97ce403110664 -> 
  custom:audio-encoder-webm-vorbis: bf7c407c2cedff20999df2af8eb42d56 -> 
  custom:framework-win-MediaFoundation: 216162199b28c13a410421893ffa2e32 -> 
  custom:container-demuxer-ogg: 62fdf1f143b41e24485cea50d1cbac27 -> 
  custom:video-decoder-webm-vp8: 9c59270c3fd7afecdb556c50c9e8de78 -> 
  custom:audio-decoder-ogg-vorbis: bf7c407c2cedff20999df2af8eb42d56 -> 
========================================================================
Received Prepare
Registering precompiled user dll's ...
Registered in 0.006108 seconds.
Begin MonoManager ReloadAssembly
Symbol file LoadedFromMemory doesn't match image C:\Users\Rathalos\Documents\GitHub\Shooter_pp2\PP2_Shooter\Library\PackageCache\com.unity.visualscripting@1.7.8\Editor\VisualScripting.Core\Dependencies\YamlDotNet\Unity.VisualScripting.YamlDotNet.dll
Symbol file LoadedFromMemory doesn't match image C:\Users\Rathalos\Documents\GitHub\Shooter_pp2\PP2_Shooter\Library\PackageCache\com.unity.visualscripting@1.7.8\Editor\VisualScripting.Core\Dependencies\DotNetZip\Unity.VisualScripting.IonicZip.dll
Native extension for WindowsStandalone target not found
Native extension for WebGL target not found
Refreshing native plugins compatible for Editor in 0.96 ms, found 3 plugins.
Preloading 0 native plugins for Editor in 0.00 ms.
Mono: successfully reloaded assembly
- Completed reload, in  0.943 seconds
Domain Reload Profiling:
	ReloadAssembly (944ms)
		BeginReloadAssembly (116ms)
			ExecutionOrderSort (0ms)
			DisableScriptedObjects (5ms)
			BackupInstance (0ms)
			ReleaseScriptingObjects (0ms)
			CreateAndSetChildDomain (29ms)
		EndReloadAssembly (735ms)
			LoadAssemblies (74ms)
			RebuildTransferFunctionScriptingTraits (0ms)
			SetupTypeCache (239ms)
			ReleaseScriptCaches (1ms)
			RebuildScriptCaches (40ms)
			SetupLoadedEditorAssemblies (330ms)
				LogAssemblyErrors (0ms)
				InitializePlatformSupportModulesInManaged (14ms)
				SetLoadedEditorAssemblies (1ms)
				RefreshPlugins (1ms)
				BeforeProcessingInitializeOnLoad (73ms)
				ProcessInitializeOnLoadAttributes (201ms)
				ProcessInitializeOnLoadMethodAttributes (28ms)
				AfterProcessingInitializeOnLoad (10ms)
				EditorAssembliesLoaded (0ms)
			ExecutionOrderSort2 (0ms)
			AwakeInstancesAfterBackupRestoration (6ms)
Platform modules already initialized, skipping
Refreshing native plugins compatible for Editor in 3.04 ms, found 3 plugins.
Preloading 0 native plugins for Editor in 0.00 ms.
Unloading 3417 Unused Serialized files (Serialized files now loaded: 0)
Unloading 20 unused Assets / (79.0 KB). Loaded Objects now: 3982.
Memory consumption went from 138.3 MB to 138.2 MB.
Total: 4.071200 ms (FindLiveObjects: 0.319700 ms CreateObjectMapping: 0.241400 ms MarkObjects: 3.410900 ms  DeleteObjects: 0.098300 ms)

AssetImportParameters requested are different than current active one (requested -> active):
  custom:video-decoder-ogg-theora: a1e56fd34408186e4bbccfd4996cb3dc -> 
  custom:container-muxer-webm: aa71ff27fc2769a1b78a27578f13a17b -> 
  custom:container-demuxer-webm: 4f35f7cbe854078d1ac9338744f61a02 -> 
  custom:video-encoder-webm-vp8: eb34c28f22e8b96e1ab97ce403110664 -> 
  custom:audio-encoder-webm-vorbis: bf7c407c2cedff20999df2af8eb42d56 -> 
  custom:framework-win-MediaFoundation: 216162199b28c13a410421893ffa2e32 -> 
  custom:container-demuxer-ogg: 62fdf1f143b41e24485cea50d1cbac27 -> 
  custom:video-decoder-webm-vp8: 9c59270c3fd7afecdb556c50c9e8de78 -> 
  custom:audio-decoder-ogg-vorbis: bf7c407c2cedff20999df2af8eb42d56 -> 
