Using pre-set license
Built from '2021.3/staging' branch; Version is '2021.3.4f1 (cb45f9cae8b7) revision 13321721'; Using compiler version '192829333'; Build Type 'Release'
OS: 'Windows 11  (10.0.22000) 64bit Professional' Language: 'en' Physical Memory: 16190 MB
BatchMode: 1, IsHumanControllingUs: 0, StartBugReporterOnCrash: 0, Is64bit: 1, IsPro: 1

COMMAND LINE ARGUMENTS:
C:\Program Files\Unity\Hub\Editor\2021.3.4f1\Editor\Unity.exe
-adb2
-batchMode
-noUpm
-name
AssetImportWorker0
-projectPath
C:/Users/gigam/Desktop/Git project repo/Shooter_pp2/PP2_Shooter
-logFile
Logs/AssetImportWorker0.log
-srvPort
50559
Successfully changed project path to: C:/Users/gigam/Desktop/Git project repo/Shooter_pp2/PP2_Shooter
C:/Users/gigam/Desktop/Git project repo/Shooter_pp2/PP2_Shooter
[UnityMemory] Configuration Parameters - Can be set up in boot.config
    "memorysetup-bucket-allocator-granularity=16"
    "memorysetup-bucket-allocator-bucket-count=8"
    "memorysetup-bucket-allocator-block-size=33554432"
    "memorysetup-bucket-allocator-block-count=8"
    "memorysetup-main-allocator-block-size=16777216"
    "memorysetup-thread-allocator-block-size=16777216"
    "memorysetup-gfx-main-allocator-block-size=16777216"
    "memorysetup-gfx-thread-allocator-block-size=16777216"
    "memorysetup-cache-allocator-block-size=4194304"
    "memorysetup-typetree-allocator-block-size=2097152"
    "memorysetup-profiler-bucket-allocator-granularity=16"
    "memorysetup-profiler-bucket-allocator-bucket-count=8"
    "memorysetup-profiler-bucket-allocator-block-size=33554432"
    "memorysetup-profiler-bucket-allocator-block-count=8"
    "memorysetup-profiler-allocator-block-size=16777216"
    "memorysetup-profiler-editor-allocator-block-size=1048576"
    "memorysetup-temp-allocator-size-main=16777216"
    "memorysetup-job-temp-allocator-block-size=2097152"
    "memorysetup-job-temp-allocator-block-size-background=1048576"
    "memorysetup-job-temp-allocator-reduction-small-platforms=262144"
    "memorysetup-temp-allocator-size-background-worker=32768"
    "memorysetup-temp-allocator-size-job-worker=262144"
    "memorysetup-temp-allocator-size-preload-manager=33554432"
    "memorysetup-temp-allocator-size-nav-mesh-worker=65536"
    "memorysetup-temp-allocator-size-audio-worker=65536"
    "memorysetup-temp-allocator-size-cloud-worker=32768"
    "memorysetup-temp-allocator-size-gi-baking-worker=262144"
    "memorysetup-temp-allocator-size-gfx=262144"
Refreshing native plugins compatible for Editor in 101.29 ms, found 3 plugins.
Preloading 0 native plugins for Editor in 0.00 ms.
Initialize engine version: 2021.3.4f1 (cb45f9cae8b7)
[Subsystems] Discovering subsystems at path C:/Program Files/Unity/Hub/Editor/2021.3.4f1/Editor/Data/Resources/UnitySubsystems
[Subsystems] Discovering subsystems at path C:/Users/gigam/Desktop/Git project repo/Shooter_pp2/PP2_Shooter/Assets
GfxDevice: creating device client; threaded=0; jobified=0
Direct3D:
    Version:  Direct3D 11.0 [level 11.1]
    Renderer: NVIDIA Quadro P5200 (ID=0x1bb5)
    Vendor:   NVIDIA
    VRAM:     16255 MB
    Driver:   30.0.14.9649
Initialize mono
Mono path[0] = 'C:/Program Files/Unity/Hub/Editor/2021.3.4f1/Editor/Data/Managed'
Mono path[1] = 'C:/Program Files/Unity/Hub/Editor/2021.3.4f1/Editor/Data/MonoBleedingEdge/lib/mono/unityjit-win32'
Mono config path = 'C:/Program Files/Unity/Hub/Editor/2021.3.4f1/Editor/Data/MonoBleedingEdge/etc'
Using monoOptions --debugger-agent=transport=dt_socket,embedding=1,server=y,suspend=n,address=127.0.0.1:56152
Begin MonoManager ReloadAssembly
Registering precompiled unity dll's ...
Register platform support module: C:/Program Files/Unity/Hub/Editor/2021.3.4f1/Editor/Data/PlaybackEngines/WindowsStandaloneSupport/UnityEditor.WindowsStandalone.Extensions.dll
Registered in 0.008359 seconds.
Native extension for WindowsStandalone target not found
Refreshing native plugins compatible for Editor in 99.30 ms, found 3 plugins.
Preloading 0 native plugins for Editor in 0.00 ms.
Mono: successfully reloaded assembly
- Completed reload, in  0.723 seconds
Domain Reload Profiling:
	ReloadAssembly (723ms)
		BeginReloadAssembly (80ms)
			ExecutionOrderSort (0ms)
			DisableScriptedObjects (0ms)
			BackupInstance (0ms)
			ReleaseScriptingObjects (0ms)
			CreateAndSetChildDomain (1ms)
		EndReloadAssembly (520ms)
			LoadAssemblies (78ms)
			RebuildTransferFunctionScriptingTraits (0ms)
			SetupTypeCache (116ms)
			ReleaseScriptCaches (0ms)
			RebuildScriptCaches (30ms)
			SetupLoadedEditorAssemblies (320ms)
				LogAssemblyErrors (0ms)
				InitializePlatformSupportModulesInManaged (8ms)
				SetLoadedEditorAssemblies (0ms)
				RefreshPlugins (99ms)
				BeforeProcessingInitializeOnLoad (1ms)
				ProcessInitializeOnLoadAttributes (160ms)
				ProcessInitializeOnLoadMethodAttributes (51ms)
				AfterProcessingInitializeOnLoad (0ms)
				EditorAssembliesLoaded (0ms)
			ExecutionOrderSort2 (0ms)
			AwakeInstancesAfterBackupRestoration (0ms)
Platform modules already initialized, skipping
Registering precompiled user dll's ...
Registered in 0.007581 seconds.
Begin MonoManager ReloadAssembly
Symbol file LoadedFromMemory doesn't match image C:\Users\gigam\Desktop\Git project repo\Shooter_pp2\PP2_Shooter\Library\PackageCache\com.unity.visualscripting@1.7.8\Editor\VisualScripting.Core\Dependencies\YamlDotNet\Unity.VisualScripting.YamlDotNet.dll
Symbol file LoadedFromMemory doesn't match image C:\Users\gigam\Desktop\Git project repo\Shooter_pp2\PP2_Shooter\Library\PackageCache\com.unity.visualscripting@1.7.8\Editor\VisualScripting.Core\Dependencies\DotNetZip\Unity.VisualScripting.IonicZip.dll
Native extension for WindowsStandalone target not found
Refreshing native plugins compatible for Editor in 2.21 ms, found 3 plugins.
Preloading 0 native plugins for Editor in 0.00 ms.
Mono: successfully reloaded assembly
- Completed reload, in  1.202 seconds
Domain Reload Profiling:
	ReloadAssembly (1203ms)
		BeginReloadAssembly (128ms)
			ExecutionOrderSort (0ms)
			DisableScriptedObjects (6ms)
			BackupInstance (0ms)
			ReleaseScriptingObjects (0ms)
			CreateAndSetChildDomain (19ms)
		EndReloadAssembly (952ms)
			LoadAssemblies (98ms)
			RebuildTransferFunctionScriptingTraits (0ms)
			SetupTypeCache (313ms)
			ReleaseScriptCaches (1ms)
			RebuildScriptCaches (64ms)
			SetupLoadedEditorAssemblies (425ms)
				LogAssemblyErrors (0ms)
				InitializePlatformSupportModulesInManaged (6ms)
				SetLoadedEditorAssemblies (1ms)
				RefreshPlugins (2ms)
				BeforeProcessingInitializeOnLoad (105ms)
				ProcessInitializeOnLoadAttributes (268ms)
				ProcessInitializeOnLoadMethodAttributes (30ms)
				AfterProcessingInitializeOnLoad (13ms)
				EditorAssembliesLoaded (0ms)
			ExecutionOrderSort2 (0ms)
			AwakeInstancesAfterBackupRestoration (7ms)
Platform modules already initialized, skipping
========================================================================
Worker process is ready to serve import requests
Launched and connected shader compiler UnityShaderCompiler.exe after 0.04 seconds
Refreshing native plugins compatible for Editor in 1.17 ms, found 3 plugins.
Preloading 0 native plugins for Editor in 0.00 ms.
Unloading 3437 Unused Serialized files (Serialized files now loaded: 0)
Unloading 27 unused Assets / (111.5 KB). Loaded Objects now: 3915.
Memory consumption went from 134.7 MB to 134.6 MB.
Total: 5.230900 ms (FindLiveObjects: 0.514700 ms CreateObjectMapping: 0.427600 ms MarkObjects: 4.165500 ms  DeleteObjects: 0.121500 ms)

AssetImportParameters requested are different than current active one (requested -> active):
  custom:video-decoder-ogg-theora: a1e56fd34408186e4bbccfd4996cb3dc -> 
  custom:container-muxer-webm: aa71ff27fc2769a1b78a27578f13a17b -> 
  custom:container-demuxer-webm: 4f35f7cbe854078d1ac9338744f61a02 -> 
  custom:video-encoder-webm-vp8: eb34c28f22e8b96e1ab97ce403110664 -> 
  custom:video-codec-MediaFoundation-h265: 746d11721c4dcdbdad8f713fa42b33f4 -> 
  custom:audio-encoder-webm-vorbis: bf7c407c2cedff20999df2af8eb42d56 -> 
  custom:framework-win-MediaFoundation: 216162199b28c13a410421893ffa2e32 -> 
  custom:container-demuxer-ogg: 62fdf1f143b41e24485cea50d1cbac27 -> 
  custom:video-decoder-webm-vp8: 9c59270c3fd7afecdb556c50c9e8de78 -> 
  custom:audio-decoder-ogg-vorbis: bf7c407c2cedff20999df2af8eb42d56 -> 
========================================================================
Received Import Request.
  Time since last request: 17380.010077 seconds.
  path: Assets/Unity Store Downloads/Robot_Soldier/Textures/Robot_Soldier_BaseColorG.png
  artifactKey: Guid(1d409165d5ec3be458b90c23de8c01ae) Importer(815301076,1909f56bfc062723c751e8b465ee728b)
Start importing Assets/Unity Store Downloads/Robot_Soldier/Textures/Robot_Soldier_BaseColorG.png using Guid(1d409165d5ec3be458b90c23de8c01ae) Importer(815301076,1909f56bfc062723c751e8b465ee728b)  -> (artifact id: '3e2c9d48c697b4a2c39a058c8af53351') in 0.177898 seconds 
========================================================================
Received Import Request.
  Time since last request: 0.003135 seconds.
  path: Assets/Unity Store Downloads/Robot_Soldier/Prefabs
  artifactKey: Guid(bf99a5f93c692a64594e6d7a2d155f16) Importer(815301076,1909f56bfc062723c751e8b465ee728b)
Start importing Assets/Unity Store Downloads/Robot_Soldier/Prefabs using Guid(bf99a5f93c692a64594e6d7a2d155f16) Importer(815301076,1909f56bfc062723c751e8b465ee728b)  -> (artifact id: 'd7b8a462375ac128d9baa13efdd355ee') in 0.004497 seconds 
========================================================================
Received Import Request.
  Time since last request: 0.004906 seconds.
  path: Assets/Prefabs/Robot_Soldier_Black.prefab
  artifactKey: Guid(8a5b9bf7e31f7e64492d7aba0ca081e1) Importer(815301076,1909f56bfc062723c751e8b465ee728b)
Start importing Assets/Prefabs/Robot_Soldier_Black.prefab using Guid(8a5b9bf7e31f7e64492d7aba0ca081e1) Importer(815301076,1909f56bfc062723c751e8b465ee728b)  -> (artifact id: 'e37817c9248bfa5e616f4246c39e1aa9') in 0.222715 seconds 
========================================================================
Received Import Request.
  Time since last request: 0.000022 seconds.
  path: Assets/MyAssets/CyberSoldier/Materials/CyberMat.mat
  artifactKey: Guid(98ec97c496fac904a811768eda3cc3f2) Importer(815301076,1909f56bfc062723c751e8b465ee728b)
Start importing Assets/MyAssets/CyberSoldier/Materials/CyberMat.mat using Guid(98ec97c496fac904a811768eda3cc3f2) Importer(815301076,1909f56bfc062723c751e8b465ee728b)  -> (artifact id: 'db4cd57bcafa37b684f4a0f1caba2773') in 0.057115 seconds 
========================================================================
Received Import Request.
  Time since last request: 0.002080 seconds.
  path: Assets/Unity Store Downloads/Robot_Soldier/Meshes
  artifactKey: Guid(b51495680a3f21b46a3ee3fd28ebdc2f) Importer(815301076,1909f56bfc062723c751e8b465ee728b)
Start importing Assets/Unity Store Downloads/Robot_Soldier/Meshes using Guid(b51495680a3f21b46a3ee3fd28ebdc2f) Importer(815301076,1909f56bfc062723c751e8b465ee728b)  -> (artifact id: 'a5ec227b7c25a9a677ea4a8af04b82d0') in 0.005183 seconds 
========================================================================
Received Import Request.
  Time since last request: 0.021258 seconds.
  path: Assets/MyAssets/CyberSoldier/CyberSoldier_Spec.tga
  artifactKey: Guid(e4c053f4ec6a1eb41b493eb18cbd4ee0) Importer(815301076,1909f56bfc062723c751e8b465ee728b)
Start importing Assets/MyAssets/CyberSoldier/CyberSoldier_Spec.tga using Guid(e4c053f4ec6a1eb41b493eb18cbd4ee0) Importer(815301076,1909f56bfc062723c751e8b465ee728b)  -> (artifact id: '338042e9243c4ae114a143b55e2dccaa') in 0.016951 seconds 
========================================================================
Received Import Request.
  Time since last request: 0.000236 seconds.
  path: Assets/scripts/fallingPlatform.cs
  artifactKey: Guid(698c951337412df4d8f57ef384fec05a) Importer(815301076,1909f56bfc062723c751e8b465ee728b)
Start importing Assets/scripts/fallingPlatform.cs using Guid(698c951337412df4d8f57ef384fec05a) Importer(815301076,1909f56bfc062723c751e8b465ee728b)  -> (artifact id: '9b9845d3dd73c44e7d6adf03182e9724') in 0.008437 seconds 
========================================================================
Received Import Request.
  Time since last request: 0.003173 seconds.
  path: Assets/Materials/Green_Glass.mat
  artifactKey: Guid(20e97d433ef17fc418b2c1dda3793fd6) Importer(815301076,1909f56bfc062723c751e8b465ee728b)
Start importing Assets/Materials/Green_Glass.mat using Guid(20e97d433ef17fc418b2c1dda3793fd6) Importer(815301076,1909f56bfc062723c751e8b465ee728b)  -> (artifact id: '4a333a3bbe92af6e026faef25a082ec5') in 0.013675 seconds 
========================================================================
Received Import Request.
  Time since last request: 0.002701 seconds.
  path: Assets/Unity Store Downloads
  artifactKey: Guid(13bf45e1602f4164a96ad502353056d8) Importer(815301076,1909f56bfc062723c751e8b465ee728b)
Start importing Assets/Unity Store Downloads using Guid(13bf45e1602f4164a96ad502353056d8) Importer(815301076,1909f56bfc062723c751e8b465ee728b)  -> (artifact id: '4e19aaa5abfa7c08f866c89e3a7b8ed2') in 0.007450 seconds 
========================================================================
Received Import Request.
  Time since last request: 0.011185 seconds.
  path: Assets/Unity Store Downloads/Robot_Soldier/Meshes/Floor.FBX
  artifactKey: Guid(9f09bf7094e1b9343afb24906c65f1dc) Importer(815301076,1909f56bfc062723c751e8b465ee728b)
Start importing Assets/Unity Store Downloads/Robot_Soldier/Meshes/Floor.FBX using Guid(9f09bf7094e1b9343afb24906c65f1dc) Importer(815301076,1909f56bfc062723c751e8b465ee728b)  -> (artifact id: '219c53d8aa83e4c43900171bd1fc5a44') in 0.056840 seconds 
========================================================================
Received Import Request.
  Time since last request: 0.003294 seconds.
  path: Assets/Unity Store Downloads/Robot_Soldier/Scenes/Robot_Soldier_Green.unity
  artifactKey: Guid(ff4bdf92b85835448a3a31f896c31136) Importer(815301076,1909f56bfc062723c751e8b465ee728b)
Start importing Assets/Unity Store Downloads/Robot_Soldier/Scenes/Robot_Soldier_Green.unity using Guid(ff4bdf92b85835448a3a31f896c31136) Importer(815301076,1909f56bfc062723c751e8b465ee728b)  -> (artifact id: 'be95eed44468780428c54b5cacc02f3c') in 0.005735 seconds 
========================================================================
Received Import Request.
  Time since last request: 0.003971 seconds.
  path: Assets/scripts/droneAI.cs
  artifactKey: Guid(3d830d7dff5f0d94c8af0e1ac78df8d2) Importer(815301076,1909f56bfc062723c751e8b465ee728b)
Start importing Assets/scripts/droneAI.cs using Guid(3d830d7dff5f0d94c8af0e1ac78df8d2) Importer(815301076,1909f56bfc062723c751e8b465ee728b)  -> (artifact id: 'bc60ee572b43b6f820410ecfcb929ea4') in 0.005825 seconds 
========================================================================
Received Import Request.
  Time since last request: 0.002384 seconds.
  path: Assets/Unity Store Downloads/Robot_Soldier/Textures
  artifactKey: Guid(d22e656f6f7de554eb1b18faa1085ff8) Importer(815301076,1909f56bfc062723c751e8b465ee728b)
Start importing Assets/Unity Store Downloads/Robot_Soldier/Textures using Guid(d22e656f6f7de554eb1b18faa1085ff8) Importer(815301076,1909f56bfc062723c751e8b465ee728b)  -> (artifact id: 'f8b17e9a25f0a5afd45f59dc1558f6e5') in 0.005951 seconds 
========================================================================
Received Import Request.
  Time since last request: 0.003093 seconds.
  path: Assets/Unity Store Downloads/Robot_Soldier/Materials
  artifactKey: Guid(3f484f73fa001fc4caa21e39ffe7fff2) Importer(815301076,1909f56bfc062723c751e8b465ee728b)
Start importing Assets/Unity Store Downloads/Robot_Soldier/Materials using Guid(3f484f73fa001fc4caa21e39ffe7fff2) Importer(815301076,1909f56bfc062723c751e8b465ee728b)  -> (artifact id: '2a075e93f1f697d28d178af118f8ebd8') in 0.005218 seconds 
========================================================================
Received Import Request.
  Time since last request: 0.028796 seconds.
  path: Assets/Unity Store Downloads/Robot_Soldier/Textures/Robot_Soldier_BaseColorW.png
  artifactKey: Guid(ae9f7cbb11ef5fe4e9c1441f84ab21d4) Importer(815301076,1909f56bfc062723c751e8b465ee728b)
Start importing Assets/Unity Store Downloads/Robot_Soldier/Textures/Robot_Soldier_BaseColorW.png using Guid(ae9f7cbb11ef5fe4e9c1441f84ab21d4) Importer(815301076,1909f56bfc062723c751e8b465ee728b)  -> (artifact id: '3dc85d464df379558d25a08eb0e964ec') in 0.029256 seconds 
========================================================================
Received Import Request.
  Time since last request: 0.003896 seconds.
  path: Assets/Unity Store Downloads/Robot_Soldier/Scenes/Robot_Soldier_Camo1.unity
  artifactKey: Guid(16da86ec138daf64e88d985e81b25cfe) Importer(815301076,1909f56bfc062723c751e8b465ee728b)
Start importing Assets/Unity Store Downloads/Robot_Soldier/Scenes/Robot_Soldier_Camo1.unity using Guid(16da86ec138daf64e88d985e81b25cfe) Importer(815301076,1909f56bfc062723c751e8b465ee728b)  -> (artifact id: '164f3d3a14ebbf9b3e26a274a410238e') in 0.007424 seconds 
========================================================================
Received Import Request.
  Time since last request: 0.009263 seconds.
  path: Assets/Unity Store Downloads/Robot_Soldier/Textures/Rifle_Normal.png
  artifactKey: Guid(9265cf4575064f5488b8ba1270b5c313) Importer(815301076,1909f56bfc062723c751e8b465ee728b)
Start importing Assets/Unity Store Downloads/Robot_Soldier/Textures/Rifle_Normal.png using Guid(9265cf4575064f5488b8ba1270b5c313) Importer(815301076,1909f56bfc062723c751e8b465ee728b)  -> (artifact id: '3d42adc312b40b1a16cd978246c4a14f') in 0.026277 seconds 
========================================================================
Received Import Request.
  Time since last request: 0.004554 seconds.
  path: Assets/Unity Store Downloads/Robot_Soldier/Materials/Robot_Soldier_Green.mat
  artifactKey: Guid(edc28d4cd35704248a4d6909e8092b34) Importer(815301076,1909f56bfc062723c751e8b465ee728b)
Start importing Assets/Unity Store Downloads/Robot_Soldier/Materials/Robot_Soldier_Green.mat using Guid(edc28d4cd35704248a4d6909e8092b34) Importer(815301076,1909f56bfc062723c751e8b465ee728b)  -> (artifact id: 'cfde13778494d47cd6925cdb4494c4b2') in 0.097264 seconds 
========================================================================
Received Import Request.
  Time since last request: 0.000461 seconds.
  path: Assets/Materials/Brain-Pink.mat
  artifactKey: Guid(7f9041791318d704dbd9395e31d308f7) Importer(815301076,1909f56bfc062723c751e8b465ee728b)
Start importing Assets/Materials/Brain-Pink.mat using Guid(7f9041791318d704dbd9395e31d308f7) Importer(815301076,1909f56bfc062723c751e8b465ee728b)  -> (artifact id: 'bfb005c650d10ca924265ec8788c0547') in 0.014153 seconds 
========================================================================
Received Import Request.
  Time since last request: 0.006588 seconds.
  path: Assets/Unity Store Downloads/Robot_Soldier/Prefabs/Robot_Soldier_White.prefab
  artifactKey: Guid(0814aba0a5f87494cb000251ab82361f) Importer(815301076,1909f56bfc062723c751e8b465ee728b)
Start importing Assets/Unity Store Downloads/Robot_Soldier/Prefabs/Robot_Soldier_White.prefab using Guid(0814aba0a5f87494cb000251ab82361f) Importer(815301076,1909f56bfc062723c751e8b465ee728b)  -> (artifact id: '5cdd492fc80aaf81ffa3bc86a218a938') in 0.130663 seconds 
========================================================================
Received Import Request.
  Time since last request: 0.000411 seconds.
  path: Assets/Unity Store Downloads/Robot_Soldier/Textures/Rifle_Metallic.png
  artifactKey: Guid(c91a9fac09c9e1c46be91fba525b5034) Importer(815301076,1909f56bfc062723c751e8b465ee728b)
Start importing Assets/Unity Store Downloads/Robot_Soldier/Textures/Rifle_Metallic.png using Guid(c91a9fac09c9e1c46be91fba525b5034) Importer(815301076,1909f56bfc062723c751e8b465ee728b)  -> (artifact id: '702abb46c66dbf39a2a37f6d13a1e5fd') in 0.019194 seconds 
========================================================================
Received Import Request.
  Time since last request: 0.014268 seconds.
  path: Assets/Unity Store Downloads/Robot_Soldier/Textures/Robot_Soldier_Roughness.png
  artifactKey: Guid(ce7e0e6714e3af347986b8c775a4ad60) Importer(815301076,1909f56bfc062723c751e8b465ee728b)
Start importing Assets/Unity Store Downloads/Robot_Soldier/Textures/Robot_Soldier_Roughness.png using Guid(ce7e0e6714e3af347986b8c775a4ad60) Importer(815301076,1909f56bfc062723c751e8b465ee728b)  -> (artifact id: '90ea89a5c6dcdc427f2df72dee060599') in 0.021395 seconds 
========================================================================
Received Import Request.
  Time since last request: 0.005333 seconds.
  path: Assets/Unity Store Downloads/Robot_Soldier/Animations
  artifactKey: Guid(f19f4701b9adce74b88b8b716acd9159) Importer(815301076,1909f56bfc062723c751e8b465ee728b)
Start importing Assets/Unity Store Downloads/Robot_Soldier/Animations using Guid(f19f4701b9adce74b88b8b716acd9159) Importer(815301076,1909f56bfc062723c751e8b465ee728b)  -> (artifact id: '101e8375da82b1749cb34fc43870306f') in 0.005462 seconds 
========================================================================
Received Import Request.
  Time since last request: 0.004167 seconds.
  path: Assets/Unity Store Downloads/Robot_Soldier/Materials/Robot_Soldier_Camo1.mat
  artifactKey: Guid(7655bd330033f864d8d47fade18486b9) Importer(815301076,1909f56bfc062723c751e8b465ee728b)
Start importing Assets/Unity Store Downloads/Robot_Soldier/Materials/Robot_Soldier_Camo1.mat using Guid(7655bd330033f864d8d47fade18486b9) Importer(815301076,1909f56bfc062723c751e8b465ee728b)  -> (artifact id: '58eeaf55aeb785f940dc19ef1e36a893') in 0.080274 seconds 
========================================================================
Received Import Request.
  Time since last request: 0.003055 seconds.
  path: Assets/Unity Store Downloads/Robot_Soldier/Prefabs/Floor.prefab
  artifactKey: Guid(34ad339615304b44c91562cbd11001f2) Importer(815301076,1909f56bfc062723c751e8b465ee728b)
Start importing Assets/Unity Store Downloads/Robot_Soldier/Prefabs/Floor.prefab using Guid(34ad339615304b44c91562cbd11001f2) Importer(815301076,1909f56bfc062723c751e8b465ee728b)  -> (artifact id: '65a86da17a3598a6fb6bffb592d901ee') in 0.012046 seconds 
========================================================================
Received Import Request.
  Time since last request: 0.003197 seconds.
  path: Assets/Unity Store Downloads/Robot_Soldier/Scenes/Robot_Soldier_Blue.unity
  artifactKey: Guid(254968f0f301cb542b78fa4c3fdfd1cd) Importer(815301076,1909f56bfc062723c751e8b465ee728b)
Start importing Assets/Unity Store Downloads/Robot_Soldier/Scenes/Robot_Soldier_Blue.unity using Guid(254968f0f301cb542b78fa4c3fdfd1cd) Importer(815301076,1909f56bfc062723c751e8b465ee728b)  -> (artifact id: 'db4f3733e3186afa407935b03cb2adf7') in 0.006175 seconds 
========================================================================
Received Import Request.
  Time since last request: 0.026948 seconds.
  path: Assets/Unity Store Downloads/Robot_Soldier/Textures/Robot_Soldier_BaseColorCamo1.png
  artifactKey: Guid(4db3b414ae8dc9c439619ac9d3036e85) Importer(815301076,1909f56bfc062723c751e8b465ee728b)
Start importing Assets/Unity Store Downloads/Robot_Soldier/Textures/Robot_Soldier_BaseColorCamo1.png using Guid(4db3b414ae8dc9c439619ac9d3036e85) Importer(815301076,1909f56bfc062723c751e8b465ee728b)  -> (artifact id: '201a75f104e9940325d66fab489dc9e2') in 0.029363 seconds 
========================================================================
Received Import Request.
  Time since last request: 0.003635 seconds.
  path: Assets/MyAssets/CyberSoldier
  artifactKey: Guid(ba52d2beae06340468975bf99a9ead70) Importer(815301076,1909f56bfc062723c751e8b465ee728b)
Start importing Assets/MyAssets/CyberSoldier using Guid(ba52d2beae06340468975bf99a9ead70) Importer(815301076,1909f56bfc062723c751e8b465ee728b)  -> (artifact id: 'fec1d1b00f9da2cc0e30d7cd45b9b757') in 0.007541 seconds 
========================================================================
Received Import Request.
  Time since last request: 0.010308 seconds.
  path: Assets/Unity Store Downloads/Robot_Soldier/Textures/Rifle_BaseColor.png
  artifactKey: Guid(6505220b3c5d1e64b97e4375583670ed) Importer(815301076,1909f56bfc062723c751e8b465ee728b)
Start importing Assets/Unity Store Downloads/Robot_Soldier/Textures/Rifle_BaseColor.png using Guid(6505220b3c5d1e64b97e4375583670ed) Importer(815301076,1909f56bfc062723c751e8b465ee728b)  -> (artifact id: '7a17d0c3474ea25e9fbb98fd32621723') in 0.017372 seconds 
========================================================================
Received Import Request.
  Time since last request: 0.018437 seconds.
  path: Assets/Unity Store Downloads/Robot_Soldier/Textures/Robot_Soldier_BaseColorR.png
  artifactKey: Guid(1dc5649ba5612364ea83aada38b1da24) Importer(815301076,1909f56bfc062723c751e8b465ee728b)
Start importing Assets/Unity Store Downloads/Robot_Soldier/Textures/Robot_Soldier_BaseColorR.png using Guid(1dc5649ba5612364ea83aada38b1da24) Importer(815301076,1909f56bfc062723c751e8b465ee728b)  -> (artifact id: '4d209896c4767784191d3ff14340dabc') in 0.028689 seconds 
========================================================================
Received Import Request.
  Time since last request: 0.003383 seconds.
  path: Assets/Unity Store Downloads/Robot_Soldier
  artifactKey: Guid(7adaf1537a3d89b4686136f29cebb698) Importer(815301076,1909f56bfc062723c751e8b465ee728b)
Start importing Assets/Unity Store Downloads/Robot_Soldier using Guid(7adaf1537a3d89b4686136f29cebb698) Importer(815301076,1909f56bfc062723c751e8b465ee728b)  -> (artifact id: '11fba69a42c5141a4eb826ac2dc63aa0') in 0.007514 seconds 
========================================================================
Received Import Request.
  Time since last request: 0.008712 seconds.
  path: Assets/Unity Store Downloads/Robot_Soldier/Textures/Robot_Soldier_Height.png
  artifactKey: Guid(d8c949d3272502e4b9aa42e56de6add5) Importer(815301076,1909f56bfc062723c751e8b465ee728b)
Start importing Assets/Unity Store Downloads/Robot_Soldier/Textures/Robot_Soldier_Height.png using Guid(d8c949d3272502e4b9aa42e56de6add5) Importer(815301076,1909f56bfc062723c751e8b465ee728b)  -> (artifact id: 'f2568348caac84f2657bb71904b5ebff') in 0.023291 seconds 
========================================================================
Received Import Request.
  Time since last request: 0.009209 seconds.
  path: Assets/Prefabs/Drone.prefab
  artifactKey: Guid(431600cb285174048aa1f33fde4cf7ce) Importer(815301076,1909f56bfc062723c751e8b465ee728b)
Start importing Assets/Prefabs/Drone.prefab using Guid(431600cb285174048aa1f33fde4cf7ce) Importer(815301076,1909f56bfc062723c751e8b465ee728b)  -> (artifact id: 'b7dee9a182f9e2a09fa9263f10e8a403') in 0.017702 seconds 
========================================================================
Received Import Request.
  Time since last request: 0.005659 seconds.
  path: Assets/Unity Store Downloads/Robot_Soldier/Textures/Robot_Soldier_Metallic.png
  artifactKey: Guid(75f5477ccd7caf44581ab20788ee8290) Importer(815301076,1909f56bfc062723c751e8b465ee728b)
Start importing Assets/Unity Store Downloads/Robot_Soldier/Textures/Robot_Soldier_Metallic.png using Guid(75f5477ccd7caf44581ab20788ee8290) Importer(815301076,1909f56bfc062723c751e8b465ee728b)  -> (artifact id: '9fdda547ad07184128b3fe790e3b00b0') in 0.020276 seconds 
========================================================================
Received Import Request.
  Time since last request: 0.010535 seconds.
  path: Assets/Unity Store Downloads/Robot_Soldier/Scenes/Robot_Soldier_Camo2.unity
  artifactKey: Guid(7795c2e68a664de469a3aed045a2f683) Importer(815301076,1909f56bfc062723c751e8b465ee728b)
Start importing Assets/Unity Store Downloads/Robot_Soldier/Scenes/Robot_Soldier_Camo2.unity using Guid(7795c2e68a664de469a3aed045a2f683) Importer(815301076,1909f56bfc062723c751e8b465ee728b)  -> (artifact id: '8b83b9bb77a460b3d26fccd831fe057d') in 0.006131 seconds 
========================================================================
Received Import Request.
  Time since last request: 0.017048 seconds.
  path: Assets/Unity Store Downloads/Robot_Soldier/Animations/Run_Aim.fbx
  artifactKey: Guid(9f0376548525d7f46a10087a2cb9ff17) Importer(815301076,1909f56bfc062723c751e8b465ee728b)
Start importing Assets/Unity Store Downloads/Robot_Soldier/Animations/Run_Aim.fbx using Guid(9f0376548525d7f46a10087a2cb9ff17) Importer(815301076,1909f56bfc062723c751e8b465ee728b)  -> (artifact id: 'e46704fb6f1d276cb576a7ace410716f') in 0.028762 seconds 
========================================================================
Received Import Request.
  Time since last request: 0.008745 seconds.
  path: Assets/Prefabs/Tube.prefab
  artifactKey: Guid(6f6a4069a2593ff4eb35c725e742c9d6) Importer(815301076,1909f56bfc062723c751e8b465ee728b)
Start importing Assets/Prefabs/Tube.prefab using Guid(6f6a4069a2593ff4eb35c725e742c9d6) Importer(815301076,1909f56bfc062723c751e8b465ee728b)  -> (artifact id: '4c17269234ff63df053d3cbca871d485') in 0.023900 seconds 
========================================================================
Received Import Request.
  Time since last request: 0.019026 seconds.
  path: Assets/MyAssets/CyberSoldier/CyberSoldier_Normal.tga
  artifactKey: Guid(62be769bc7c6581499074568823e9b74) Importer(815301076,1909f56bfc062723c751e8b465ee728b)
Start importing Assets/MyAssets/CyberSoldier/CyberSoldier_Normal.tga using Guid(62be769bc7c6581499074568823e9b74) Importer(815301076,1909f56bfc062723c751e8b465ee728b)  -> (artifact id: 'de4e1a3f95f8cc84ea542dadd811a42a') in 0.016041 seconds 
========================================================================
Received Import Request.
  Time since last request: 0.010072 seconds.
  path: Assets/Unity Store Downloads/Robot_Soldier/Textures/Rifle_Roughness.png
  artifactKey: Guid(ff20619a2d32a3c48a7ff3bf1e407a47) Importer(815301076,1909f56bfc062723c751e8b465ee728b)
Start importing Assets/Unity Store Downloads/Robot_Soldier/Textures/Rifle_Roughness.png using Guid(ff20619a2d32a3c48a7ff3bf1e407a47) Importer(815301076,1909f56bfc062723c751e8b465ee728b)  -> (artifact id: 'bbc07b8d2bd1f7b4e0cf98e3ca2ab8a9') in 0.015160 seconds 
========================================================================
Received Import Request.
  Time since last request: 0.010198 seconds.
  path: Assets/Unity Store Downloads/Robot_Soldier/Prefabs/Robot_Soldier_Red.prefab
  artifactKey: Guid(08f5427fe0d15ad47a5a1bb70b6156c7) Importer(815301076,1909f56bfc062723c751e8b465ee728b)
Start importing Assets/Unity Store Downloads/Robot_Soldier/Prefabs/Robot_Soldier_Red.prefab using Guid(08f5427fe0d15ad47a5a1bb70b6156c7) Importer(815301076,1909f56bfc062723c751e8b465ee728b)  -> (artifact id: '08b9b38d715a18d2cbe5c85e2e5c5433') in 0.116512 seconds 
========================================================================
Received Import Request.
  Time since last request: 0.000055 seconds.
  path: Assets/Materials/Brain_eye_black.mat
  artifactKey: Guid(98b66794e4633104a9a1e1ace539f62a) Importer(815301076,1909f56bfc062723c751e8b465ee728b)
Start importing Assets/Materials/Brain_eye_black.mat using Guid(98b66794e4633104a9a1e1ace539f62a) Importer(815301076,1909f56bfc062723c751e8b465ee728b)  -> (artifact id: 'e2834e3f509121a0780ccb523e128d74') in 0.022673 seconds 
========================================================================
Received Import Request.
  Time since last request: 0.000857 seconds.
  path: Assets/Unity Store Downloads/Robot_Soldier/Materials/Robot_Soldier_Blue.mat
  artifactKey: Guid(1654ec2413acdbd4481c58b3371dbec3) Importer(815301076,1909f56bfc062723c751e8b465ee728b)
Start importing Assets/Unity Store Downloads/Robot_Soldier/Materials/Robot_Soldier_Blue.mat using Guid(1654ec2413acdbd4481c58b3371dbec3) Importer(815301076,1909f56bfc062723c751e8b465ee728b)  -> (artifact id: 'abea9cc2bdf0df687c0631b6c01c6346') in 0.122711 seconds 
========================================================================
Received Import Request.
  Time since last request: 0.000045 seconds.
  path: Assets/MyAssets
  artifactKey: Guid(d1b8209d74d835d4ba38ded801838e11) Importer(815301076,1909f56bfc062723c751e8b465ee728b)
Start importing Assets/MyAssets using Guid(d1b8209d74d835d4ba38ded801838e11) Importer(815301076,1909f56bfc062723c751e8b465ee728b)  -> (artifact id: 'b1a287d684c3a9a6c7ab33bc0d579160') in 0.012528 seconds 
========================================================================
Received Import Request.
  Time since last request: 0.009954 seconds.
  path: Assets/Unity Store Downloads/Robot_Soldier/Prefabs/Robot_Soldier_Blue.prefab
  artifactKey: Guid(3fc233a9407d11f46a1983e4692babf9) Importer(815301076,1909f56bfc062723c751e8b465ee728b)
Start importing Assets/Unity Store Downloads/Robot_Soldier/Prefabs/Robot_Soldier_Blue.prefab using Guid(3fc233a9407d11f46a1983e4692babf9) Importer(815301076,1909f56bfc062723c751e8b465ee728b)  -> (artifact id: '67a82e66e8a4cf5e0f2c58eadbb63a8c') in 0.108037 seconds 
========================================================================
Received Import Request.
  Time since last request: 0.016180 seconds.
  path: Assets/MyAssets/CyberSoldier/CyberBody_Emissive.tga
  artifactKey: Guid(8af982b97b25aa64a9c74eb48e06b75f) Importer(815301076,1909f56bfc062723c751e8b465ee728b)
Start importing Assets/MyAssets/CyberSoldier/CyberBody_Emissive.tga using Guid(8af982b97b25aa64a9c74eb48e06b75f) Importer(815301076,1909f56bfc062723c751e8b465ee728b)  -> (artifact id: '9d0a1b263104f86a3f0c93a31223001a') in 0.029197 seconds 
========================================================================
Received Import Request.
  Time since last request: 0.000042 seconds.
  path: Assets/MyAssets/CyberSoldier/Materials
  artifactKey: Guid(d643292eaacfd4b4a9df5bc0333173be) Importer(815301076,1909f56bfc062723c751e8b465ee728b)
Start importing Assets/MyAssets/CyberSoldier/Materials using Guid(d643292eaacfd4b4a9df5bc0333173be) Importer(815301076,1909f56bfc062723c751e8b465ee728b)  -> (artifact id: 'bacdde95a5db7a143c4960f5b347c312') in 0.004159 seconds 
========================================================================
Received Import Request.
  Time since last request: 0.003714 seconds.
  path: Assets/Unity Store Downloads/Robot_Soldier/Materials/Robot_Soldier_White.mat
  artifactKey: Guid(664d3304bbcfc90499aae4313f7eb929) Importer(815301076,1909f56bfc062723c751e8b465ee728b)
Start importing Assets/Unity Store Downloads/Robot_Soldier/Materials/Robot_Soldier_White.mat using Guid(664d3304bbcfc90499aae4313f7eb929) Importer(815301076,1909f56bfc062723c751e8b465ee728b)  -> (artifact id: '38f9d42a4a6fa18af12354ba9ad950ef') in 0.104838 seconds 
========================================================================
Received Import Request.
  Time since last request: 0.000026 seconds.
  path: Assets/Materials/Red Eye.mat
  artifactKey: Guid(594d10e454fbe5348a94597b58bf720f) Importer(815301076,1909f56bfc062723c751e8b465ee728b)
Start importing Assets/Materials/Red Eye.mat using Guid(594d10e454fbe5348a94597b58bf720f) Importer(815301076,1909f56bfc062723c751e8b465ee728b)  -> (artifact id: 'e71463f9057ae9e0d56f08b8293eefdf') in 0.014485 seconds 
========================================================================
Received Import Request.
  Time since last request: 0.003090 seconds.
  path: Assets/Unity Store Downloads/Robot_Soldier/Scenes/Robots_Scene.unity
  artifactKey: Guid(4ff9be6fcd2be18488586d61d36ac031) Importer(815301076,1909f56bfc062723c751e8b465ee728b)
Start importing Assets/Unity Store Downloads/Robot_Soldier/Scenes/Robots_Scene.unity using Guid(4ff9be6fcd2be18488586d61d36ac031) Importer(815301076,1909f56bfc062723c751e8b465ee728b)  -> (artifact id: 'adf26478722455ca9c9caeac39eb4aff') in 0.005847 seconds 
========================================================================
Received Import Request.
  Time since last request: 0.009214 seconds.
  path: Assets/Unity Store Downloads/Robot_Soldier/Scenes
  artifactKey: Guid(4f704ae4b4f98ae41a0bce26658850c1) Importer(815301076,1909f56bfc062723c751e8b465ee728b)
Start importing Assets/Unity Store Downloads/Robot_Soldier/Scenes using Guid(4f704ae4b4f98ae41a0bce26658850c1) Importer(815301076,1909f56bfc062723c751e8b465ee728b)  -> (artifact id: 'afdd990117e546394f17e78277df244d') in 0.007023 seconds 
========================================================================
Received Import Request.
  Time since last request: 0.003170 seconds.
  path: Assets/Unity Store Downloads/Robot_Soldier/Materials/Robot_Soldier_Black.mat
  artifactKey: Guid(d5aafb5ec9da01242b0ee1cf8e1b5945) Importer(815301076,1909f56bfc062723c751e8b465ee728b)
Start importing Assets/Unity Store Downloads/Robot_Soldier/Materials/Robot_Soldier_Black.mat using Guid(d5aafb5ec9da01242b0ee1cf8e1b5945) Importer(815301076,1909f56bfc062723c751e8b465ee728b)  -> (artifact id: '755e1d6c824c309a673f225806df47a5') in 0.134655 seconds 
========================================================================
Received Import Request.
  Time since last request: 0.000042 seconds.
  path: Assets/Prefabs/Invisible Enemy Unit.prefab
  artifactKey: Guid(317139a2a2207e54d973d39cdd576d7e) Importer(815301076,1909f56bfc062723c751e8b465ee728b)
Start importing Assets/Prefabs/Invisible Enemy Unit.prefab using Guid(317139a2a2207e54d973d39cdd576d7e) Importer(815301076,1909f56bfc062723c751e8b465ee728b)  -> (artifact id: '4ff98b7164a1bb4ea2d562e5a75f4a57') in 0.037835 seconds 
========================================================================
Received Import Request.
  Time since last request: 0.015285 seconds.
  path: Assets/Unity Store Downloads/Robot_Soldier/Textures/Robot_Soldier_Normal.png
  artifactKey: Guid(b47c75e7b1292d74196fe79571385183) Importer(815301076,1909f56bfc062723c751e8b465ee728b)
Start importing Assets/Unity Store Downloads/Robot_Soldier/Textures/Robot_Soldier_Normal.png using Guid(b47c75e7b1292d74196fe79571385183) Importer(815301076,1909f56bfc062723c751e8b465ee728b)  -> (artifact id: '5128feb8dfc6569c66df764f7f5ef6f7') in 0.030424 seconds 
========================================================================
Received Import Request.
  Time since last request: 0.012311 seconds.
  path: Assets/Unity Store Downloads/Robot_Soldier/Meshes/Robot_Soldier.fbx
  artifactKey: Guid(535511bb156e7f54f83f305d96a1c4ce) Importer(815301076,1909f56bfc062723c751e8b465ee728b)
Start importing Assets/Unity Store Downloads/Robot_Soldier/Meshes/Robot_Soldier.fbx using Guid(535511bb156e7f54f83f305d96a1c4ce) Importer(815301076,1909f56bfc062723c751e8b465ee728b)  -> (artifact id: '6799f93448486b6d5833dfaaf3ee63ea') in 0.121879 seconds 
========================================================================
Received Import Request.
  Time since last request: 0.011372 seconds.
  path: Assets/Unity Store Downloads/Robot_Soldier/Textures/Robot_Soldier_Occlusion.png
  artifactKey: Guid(8c006ec7e7943be43b8afb3f8df57800) Importer(815301076,1909f56bfc062723c751e8b465ee728b)
Start importing Assets/Unity Store Downloads/Robot_Soldier/Textures/Robot_Soldier_Occlusion.png using Guid(8c006ec7e7943be43b8afb3f8df57800) Importer(815301076,1909f56bfc062723c751e8b465ee728b)  -> (artifact id: 'ba71a321a0d94b0310497c4114cefec5') in 0.020247 seconds 
========================================================================
Received Import Request.
  Time since last request: 0.002849 seconds.
  path: Assets/Materials/Glass.mat
  artifactKey: Guid(1a9350a4d93cd4340a36071b62694fa4) Importer(815301076,1909f56bfc062723c751e8b465ee728b)
Start importing Assets/Materials/Glass.mat using Guid(1a9350a4d93cd4340a36071b62694fa4) Importer(815301076,1909f56bfc062723c751e8b465ee728b)  -> (artifact id: '0994a9a686707f7a65636f1087815bc2') in 0.015568 seconds 
========================================================================
Received Import Request.
  Time since last request: 0.004568 seconds.
  path: Assets/Unity Store Downloads/Robot_Soldier/Scenes/DemoScene_RMB.unity
  artifactKey: Guid(99c9720ab356a0642a771bea13969a05) Importer(815301076,1909f56bfc062723c751e8b465ee728b)
Start importing Assets/Unity Store Downloads/Robot_Soldier/Scenes/DemoScene_RMB.unity using Guid(99c9720ab356a0642a771bea13969a05) Importer(815301076,1909f56bfc062723c751e8b465ee728b)  -> (artifact id: 'b2c4fab3ac0044bdd8b8375cab8a7aa7') in 0.005772 seconds 
========================================================================
Received Import Request.
  Time since last request: 0.010953 seconds.
  path: Assets/MyAssets/CyberSoldier/CyberSoldier.fbx
  artifactKey: Guid(cf3910b7639e12447827e45f63f60201) Importer(815301076,1909f56bfc062723c751e8b465ee728b)
Start importing Assets/MyAssets/CyberSoldier/CyberSoldier.fbx using Guid(cf3910b7639e12447827e45f63f60201) Importer(815301076,1909f56bfc062723c751e8b465ee728b)  -> (artifact id: 'c4fba7c9a88aed233907b22e39830bec') in 0.034086 seconds 
========================================================================
Received Import Request.
  Time since last request: 0.006594 seconds.
  path: Assets/Unity Store Downloads/Robot_Soldier/Prefabs/Robot_Soldier_Camo1.prefab
  artifactKey: Guid(c816c50f1076b564bbe9891c3e74b00e) Importer(815301076,1909f56bfc062723c751e8b465ee728b)
Start importing Assets/Unity Store Downloads/Robot_Soldier/Prefabs/Robot_Soldier_Camo1.prefab using Guid(c816c50f1076b564bbe9891c3e74b00e) Importer(815301076,1909f56bfc062723c751e8b465ee728b)  -> (artifact id: 'df49867b862c8fa3fae85e00d4174ab6') in 0.106491 seconds 
========================================================================
Received Import Request.
  Time since last request: 0.000027 seconds.
  path: Assets/Unity Store Downloads/Robot_Soldier/Scenes/Robot_Soldier_Red.unity
  artifactKey: Guid(604405cf4695ae648a49adf36a31c0e2) Importer(815301076,1909f56bfc062723c751e8b465ee728b)
Start importing Assets/Unity Store Downloads/Robot_Soldier/Scenes/Robot_Soldier_Red.unity using Guid(604405cf4695ae648a49adf36a31c0e2) Importer(815301076,1909f56bfc062723c751e8b465ee728b)  -> (artifact id: 'd836b0b3655b994c3b2a56b05c1fbc56') in 0.008011 seconds 
========================================================================
Received Import Request.
  Time since last request: 0.003395 seconds.
  path: Assets/Unity Store Downloads/Robot_Soldier/Materials/Robot_Rifle.mat
  artifactKey: Guid(58c2cf994000c2e459d502d5b1700f29) Importer(815301076,1909f56bfc062723c751e8b465ee728b)
Start importing Assets/Unity Store Downloads/Robot_Soldier/Materials/Robot_Rifle.mat using Guid(58c2cf994000c2e459d502d5b1700f29) Importer(815301076,1909f56bfc062723c751e8b465ee728b)  -> (artifact id: '119a649b3688a4150024080194d8e3e1') in 0.029662 seconds 
========================================================================
Received Import Request.
  Time since last request: 0.007879 seconds.
  path: Assets/Unity Store Downloads/Robot_Soldier/Prefabs/Robot_Soldier_Green.prefab
  artifactKey: Guid(ebd2497aad4ffde43abb1d9b595d8937) Importer(815301076,1909f56bfc062723c751e8b465ee728b)
Start importing Assets/Unity Store Downloads/Robot_Soldier/Prefabs/Robot_Soldier_Green.prefab using Guid(ebd2497aad4ffde43abb1d9b595d8937) Importer(815301076,1909f56bfc062723c751e8b465ee728b)  -> (artifact id: '2bd94185d269108619207060fffb2f6f') in 0.106475 seconds 
========================================================================
Received Import Request.
  Time since last request: 0.000023 seconds.
  path: Assets/Unity Store Downloads/Robot_Soldier/Textures/Robot_Soldier_Emissive.png
  artifactKey: Guid(a88731ae8622aa146b34f2f98ea7fdc3) Importer(815301076,1909f56bfc062723c751e8b465ee728b)
Start importing Assets/Unity Store Downloads/Robot_Soldier/Textures/Robot_Soldier_Emissive.png using Guid(a88731ae8622aa146b34f2f98ea7fdc3) Importer(815301076,1909f56bfc062723c751e8b465ee728b)  -> (artifact id: '3ff35d9bf5224e0d28e033b09533037d') in 0.018893 seconds 
========================================================================
Received Import Request.
  Time since last request: 0.005996 seconds.
  path: Assets/Materials/Rocket.mat
  artifactKey: Guid(dfd04bc546c0eac44b6f485fc84d6f47) Importer(815301076,1909f56bfc062723c751e8b465ee728b)
Start importing Assets/Materials/Rocket.mat using Guid(dfd04bc546c0eac44b6f485fc84d6f47) Importer(815301076,1909f56bfc062723c751e8b465ee728b)  -> (artifact id: '1447c2c3d4a745bdba04eeb47e0b67e7') in 0.011653 seconds 
========================================================================
Received Import Request.
  Time since last request: 0.009704 seconds.
  path: Assets/Unity Store Downloads/Robot_Soldier/Prefabs/Robot_Soldier_Camo2.prefab
  artifactKey: Guid(23e084d1633f7674e81ebd4cad264047) Importer(815301076,1909f56bfc062723c751e8b465ee728b)
Start importing Assets/Unity Store Downloads/Robot_Soldier/Prefabs/Robot_Soldier_Camo2.prefab using Guid(23e084d1633f7674e81ebd4cad264047) Importer(815301076,1909f56bfc062723c751e8b465ee728b)  -> (artifact id: '0bb477819e2cfaa3a9562b97867bd2aa') in 0.114760 seconds 
========================================================================
Received Import Request.
  Time since last request: 0.000026 seconds.
  path: Assets/Unity Store Downloads/Robot_Soldier/Scenes/Robot_Soldier_Blue_White.unity
  artifactKey: Guid(1d31a3e89803c3d47b1aed7e43913ed7) Importer(815301076,1909f56bfc062723c751e8b465ee728b)
Start importing Assets/Unity Store Downloads/Robot_Soldier/Scenes/Robot_Soldier_Blue_White.unity using Guid(1d31a3e89803c3d47b1aed7e43913ed7) Importer(815301076,1909f56bfc062723c751e8b465ee728b)  -> (artifact id: '46b45160c182ee34ab98141cbbcbb9a2') in 0.006923 seconds 
========================================================================
Received Import Request.
  Time since last request: 0.005131 seconds.
  path: Assets/Unity Store Downloads/Robot_Soldier/Materials/Robot_Soldier_Camo2.mat
  artifactKey: Guid(8312736b2b14588498d33a00a622c8d0) Importer(815301076,1909f56bfc062723c751e8b465ee728b)
Start importing Assets/Unity Store Downloads/Robot_Soldier/Materials/Robot_Soldier_Camo2.mat using Guid(8312736b2b14588498d33a00a622c8d0) Importer(815301076,1909f56bfc062723c751e8b465ee728b)  -> (artifact id: 'e9da67c13bd85549e4befe0662b1969a') in 0.070534 seconds 
========================================================================
Received Import Request.
  Time since last request: 0.001561 seconds.
  path: Assets/Prefabs/SphereRocket.prefab
  artifactKey: Guid(836f2bb5e8fcd6e42b088993c5bb3cda) Importer(815301076,1909f56bfc062723c751e8b465ee728b)
Start importing Assets/Prefabs/SphereRocket.prefab using Guid(836f2bb5e8fcd6e42b088993c5bb3cda) Importer(815301076,1909f56bfc062723c751e8b465ee728b)  -> (artifact id: 'f3f11a753581a88a87ffc8e24add5afb') in 0.014580 seconds 
========================================================================
Received Import Request.
  Time since last request: 0.005637 seconds.
  path: Assets/Unity Store Downloads/Robot_Soldier/Materials/Robot_Soldier_Red.mat
  artifactKey: Guid(5bfae0fb4183d0946962f5ab68bdcf31) Importer(815301076,1909f56bfc062723c751e8b465ee728b)
Start importing Assets/Unity Store Downloads/Robot_Soldier/Materials/Robot_Soldier_Red.mat using Guid(5bfae0fb4183d0946962f5ab68bdcf31) Importer(815301076,1909f56bfc062723c751e8b465ee728b)  -> (artifact id: 'af433ae6efda692f836618ee3f2b8cb6') in 0.074805 seconds 
========================================================================
Received Import Request.
  Time since last request: 0.003773 seconds.
  path: Assets/Prefabs/Lazer.prefab
  artifactKey: Guid(8ac3d65888227204e9e03cc930155b08) Importer(815301076,1909f56bfc062723c751e8b465ee728b)
Start importing Assets/Prefabs/Lazer.prefab using Guid(8ac3d65888227204e9e03cc930155b08) Importer(815301076,1909f56bfc062723c751e8b465ee728b)  -> (artifact id: '4ab53e9a8e7fb4f2a2aef6e7542fa750') in 0.016173 seconds 
========================================================================
Received Import Request.
  Time since last request: 0.027467 seconds.
  path: Assets/MyAssets/CyberSoldier/CyberSoldier_Diff.tga
  artifactKey: Guid(1fb1c364a3eed724bb16168fbb1cad8d) Importer(815301076,1909f56bfc062723c751e8b465ee728b)
Start importing Assets/MyAssets/CyberSoldier/CyberSoldier_Diff.tga using Guid(1fb1c364a3eed724bb16168fbb1cad8d) Importer(815301076,1909f56bfc062723c751e8b465ee728b)  -> (artifact id: '3521831d7249248cd7be7493c53599dd') in 0.030752 seconds 
========================================================================
Received Import Request.
  Time since last request: 0.025707 seconds.
  path: Assets/Unity Store Downloads/Robot_Soldier/Textures/Robot_Soldier_BaseColorB.png
  artifactKey: Guid(dcff179cd7b5ce545bd33433a9239f66) Importer(815301076,1909f56bfc062723c751e8b465ee728b)
Start importing Assets/Unity Store Downloads/Robot_Soldier/Textures/Robot_Soldier_BaseColorB.png using Guid(dcff179cd7b5ce545bd33433a9239f66) Importer(815301076,1909f56bfc062723c751e8b465ee728b)  -> (artifact id: '6a7996c914fb9db904cb137cba0f7743') in 0.021873 seconds 
========================================================================
Received Import Request.
  Time since last request: 0.017493 seconds.
  path: Assets/Unity Store Downloads/Robot_Soldier/Textures/Robot_Soldier_BaseColor.png
  artifactKey: Guid(48ac2fbe689566a4c8fd02ee4cf103d5) Importer(815301076,1909f56bfc062723c751e8b465ee728b)
Start importing Assets/Unity Store Downloads/Robot_Soldier/Textures/Robot_Soldier_BaseColor.png using Guid(48ac2fbe689566a4c8fd02ee4cf103d5) Importer(815301076,1909f56bfc062723c751e8b465ee728b)  -> (artifact id: 'b86594b3b993a7dd262cd56b11020c8d') in 0.018367 seconds 
========================================================================
Received Import Request.
  Time since last request: 0.006598 seconds.
  path: Assets/Unity Store Downloads/Robot_Soldier/Prefabs/Robot_Soldier_Black.prefab
  artifactKey: Guid(c266c61b42ce56a4ca7e9190ef1209e3) Importer(815301076,1909f56bfc062723c751e8b465ee728b)
Start importing Assets/Unity Store Downloads/Robot_Soldier/Prefabs/Robot_Soldier_Black.prefab using Guid(c266c61b42ce56a4ca7e9190ef1209e3) Importer(815301076,1909f56bfc062723c751e8b465ee728b)  -> (artifact id: 'fd8e30dd03ee1e0548d42bcc48da7c87') in 0.098553 seconds 
========================================================================
Received Import Request.
  Time since last request: 0.000043 seconds.
  path: Assets/Unity Store Downloads/Robot_Soldier/Materials/Floor.mat
  artifactKey: Guid(ff711c43fd3d587448442dd3bff75ecb) Importer(815301076,1909f56bfc062723c751e8b465ee728b)
Start importing Assets/Unity Store Downloads/Robot_Soldier/Materials/Floor.mat using Guid(ff711c43fd3d587448442dd3bff75ecb) Importer(815301076,1909f56bfc062723c751e8b465ee728b)  -> (artifact id: '3e42c935ba8120c376bdcfe186c59ef8') in 0.016085 seconds 
========================================================================
Received Import Request.
  Time since last request: 0.004590 seconds.
  path: Assets/Unity Store Downloads/Robot_Soldier/Scenes/Robot_Soldier_Blue_Black.unity
  artifactKey: Guid(57e8ffa6e0bc75743a7fb14f82e0b54f) Importer(815301076,1909f56bfc062723c751e8b465ee728b)
Start importing Assets/Unity Store Downloads/Robot_Soldier/Scenes/Robot_Soldier_Blue_Black.unity using Guid(57e8ffa6e0bc75743a7fb14f82e0b54f) Importer(815301076,1909f56bfc062723c751e8b465ee728b)  -> (artifact id: 'b2e62558d8f43a25951fa4ef94098c70') in 0.007117 seconds 
========================================================================
Received Import Request.
  Time since last request: 0.019654 seconds.
  path: Assets/Unity Store Downloads/Robot_Soldier/Textures/Rifle_Occlusion.png
  artifactKey: Guid(6b3568bdbef0e3a42973e16672143fcd) Importer(815301076,1909f56bfc062723c751e8b465ee728b)
Start importing Assets/Unity Store Downloads/Robot_Soldier/Textures/Rifle_Occlusion.png using Guid(6b3568bdbef0e3a42973e16672143fcd) Importer(815301076,1909f56bfc062723c751e8b465ee728b)  -> (artifact id: 'fc3aac193e51fd5310dc8963dd1c22fc') in 0.026784 seconds 
========================================================================
Received Import Request.
  Time since last request: 0.028271 seconds.
  path: Assets/Unity Store Downloads/Robot_Soldier/Textures/Robot_Soldier_BaseColorCamo2.png
  artifactKey: Guid(6a4f0e82d8ca9b842ab28f8e290c5995) Importer(815301076,1909f56bfc062723c751e8b465ee728b)
Start importing Assets/Unity Store Downloads/Robot_Soldier/Textures/Robot_Soldier_BaseColorCamo2.png using Guid(6a4f0e82d8ca9b842ab28f8e290c5995) Importer(815301076,1909f56bfc062723c751e8b465ee728b)  -> (artifact id: 'ba61443a55117c0f3c6a3bdc6f69865b') in 0.029061 seconds 
========================================================================
Received Import Request.
  Time since last request: 0.004461 seconds.
  path: Assets/Materials/Gun.mat
  artifactKey: Guid(8c213c7f1c2749b4294ef19b59a9e637) Importer(815301076,1909f56bfc062723c751e8b465ee728b)
Start importing Assets/Materials/Gun.mat using Guid(8c213c7f1c2749b4294ef19b59a9e637) Importer(815301076,1909f56bfc062723c751e8b465ee728b)  -> (artifact id: '60defcfa42e644ab2090a069b54bb9f2') in 0.013227 seconds 
========================================================================
Received Import Request.
  Time since last request: 560.599186 seconds.
  path: Assets/scripts/enemyAI.cs
  artifactKey: Guid(b45ed17cf7a95fe4282a1f736ca2ac56) Importer(815301076,1909f56bfc062723c751e8b465ee728b)
Start importing Assets/scripts/enemyAI.cs using Guid(b45ed17cf7a95fe4282a1f736ca2ac56) Importer(815301076,1909f56bfc062723c751e8b465ee728b)  -> (artifact id: 'aaf627e9519f0aa6f660fb1c9a8a913b') in 0.006908 seconds 
